{"C:\\Users\\localuser\\ReactXexpo\\nodejs\\index.js": {"path":"C:\\Users\\localuser\\ReactXexpo\\nodejs\\index.js","statementMap":{"0":{"start":{"line":2,"column":2},"end":{"line":4,"column":36}},"1":{"start":{"line":5,"column":0},"end":{"line":5,"column":44}},"2":{"start":{"line":6,"column":16},"end":{"line":6,"column":34}},"3":{"start":{"line":7,"column":24},"end":{"line":7,"column":35}},"4":{"start":{"line":8,"column":13},"end":{"line":8,"column":28}},"5":{"start":{"line":9,"column":12},"end":{"line":9,"column":21}},"6":{"start":{"line":10,"column":21},"end":{"line":10,"column":62}},"7":{"start":{"line":11,"column":13},"end":{"line":11,"column":28}},"8":{"start":{"line":12,"column":15},"end":{"line":12,"column":38}},"9":{"start":{"line":15,"column":0},"end":{"line":15,"column":32}},"10":{"start":{"line":18,"column":0},"end":{"line":18,"column":16}},"11":{"start":{"line":19,"column":0},"end":{"line":19,"column":24}},"12":{"start":{"line":21,"column":0},"end":{"line":21,"column":70}},"13":{"start":{"line":23,"column":0},"end":{"line":25,"column":3}},"14":{"start":{"line":24,"column":2},"end":{"line":24,"column":41}},"15":{"start":{"line":27,"column":0},"end":{"line":27,"column":27}},"16":{"start":{"line":30,"column":0},"end":{"line":30,"column":22}},"17":{"start":{"line":32,"column":0},"end":{"line":34,"column":3}},"18":{"start":{"line":33,"column":2},"end":{"line":33,"column":58}},"19":{"start":{"line":36,"column":15},"end":{"line":38,"column":2}},"20":{"start":{"line":37,"column":2},"end":{"line":37,"column":65}},"21":{"start":{"line":40,"column":0},"end":{"line":40,"column":24}}},"fnMap":{"0":{"name":"(anonymous_0)","decl":{"start":{"line":23,"column":13},"end":{"line":23,"column":14}},"loc":{"start":{"line":23,"column":33},"end":{"line":25,"column":1}},"line":23},"1":{"name":"(anonymous_1)","decl":{"start":{"line":32,"column":8},"end":{"line":32,"column":9}},"loc":{"start":{"line":32,"column":28},"end":{"line":34,"column":1}},"line":32},"2":{"name":"(anonymous_2)","decl":{"start":{"line":36,"column":32},"end":{"line":36,"column":33}},"loc":{"start":{"line":36,"column":38},"end":{"line":38,"column":1}},"line":36}},"branchMap":{"0":{"loc":{"start":{"line":2,"column":2},"end":{"line":4,"column":36}},"type":"cond-expr","locations":[{"start":{"line":3,"column":6},"end":{"line":3,"column":12}},{"start":{"line":4,"column":6},"end":{"line":4,"column":36}}],"line":2},"1":{"loc":{"start":{"line":7,"column":8},"end":{"line":7,"column":19}},"type":"default-arg","locations":[{"start":{"line":7,"column":15},"end":{"line":7,"column":19}}],"line":7}},"s":{"0":1,"1":1,"2":1,"3":1,"4":1,"5":1,"6":1,"7":1,"8":1,"9":1,"10":1,"11":1,"12":1,"13":1,"14":0,"15":1,"16":1,"17":1,"18":0,"19":1,"20":1,"21":1},"f":{"0":0,"1":0,"2":1},"b":{"0":[0,1],"1":[1]},"_coverageSchema":"1a1c01bbd47fc00a2c39e90264f33305004495a9","hash":"380de1f135528a2725bbee437420f60902e31c0f"}
,"C:\\Users\\localuser\\ReactXexpo\\nodejs\\src\\controllers\\base.js": {"path":"C:\\Users\\localuser\\ReactXexpo\\nodejs\\src\\controllers\\base.js","statementMap":{"0":{"start":{"line":4,"column":24},"end":{"line":4,"column":63}},"1":{"start":{"line":5,"column":19},"end":{"line":5,"column":55}},"2":{"start":{"line":6,"column":35},"end":{"line":6,"column":61}},"3":{"start":{"line":7,"column":19},"end":{"line":7,"column":44}},"4":{"start":{"line":12,"column":4},"end":{"line":12,"column":23}},"5":{"start":{"line":13,"column":4},"end":{"line":13,"column":33}},"6":{"start":{"line":15,"column":11},"end":{"line":60,"column":3}},"7":{"start":{"line":16,"column":4},"end":{"line":59,"column":5}},"8":{"start":{"line":23,"column":10},"end":{"line":23,"column":19}},"9":{"start":{"line":25,"column":6},"end":{"line":25,"column":53}},"10":{"start":{"line":25,"column":18},"end":{"line":25,"column":53}},"11":{"start":{"line":26,"column":6},"end":{"line":31,"column":7}},"12":{"start":{"line":27,"column":8},"end":{"line":30,"column":10}},"13":{"start":{"line":33,"column":35},"end":{"line":41,"column":8}},"14":{"start":{"line":42,"column":6},"end":{"line":56,"column":8}},"15":{"start":{"line":58,"column":6},"end":{"line":58,"column":33}},"16":{"start":{"line":62,"column":8},"end":{"line":81,"column":3}},"17":{"start":{"line":63,"column":4},"end":{"line":80,"column":5}},"18":{"start":{"line":64,"column":21},"end":{"line":64,"column":31}},"19":{"start":{"line":65,"column":23},"end":{"line":65,"column":51}},"20":{"start":{"line":66,"column":6},"end":{"line":70,"column":7}},"21":{"start":{"line":67,"column":8},"end":{"line":69,"column":10}},"22":{"start":{"line":71,"column":6},"end":{"line":77,"column":8}},"23":{"start":{"line":79,"column":6},"end":{"line":79,"column":33}},"24":{"start":{"line":83,"column":11},"end":{"line":102,"column":3}},"25":{"start":{"line":84,"column":4},"end":{"line":101,"column":5}},"26":{"start":{"line":85,"column":19},"end":{"line":89,"column":7}},"27":{"start":{"line":90,"column":23},"end":{"line":90,"column":49}},"28":{"start":{"line":92,"column":6},"end":{"line":98,"column":8}},"29":{"start":{"line":100,"column":6},"end":{"line":100,"column":33}},"30":{"start":{"line":104,"column":11},"end":{"line":139,"column":3}},"31":{"start":{"line":105,"column":19},"end":{"line":105,"column":29}},"32":{"start":{"line":106,"column":4},"end":{"line":138,"column":5}},"33":{"start":{"line":107,"column":19},"end":{"line":111,"column":7}},"34":{"start":{"line":112,"column":23},"end":{"line":112,"column":56}},"35":{"start":{"line":114,"column":6},"end":{"line":120,"column":8}},"36":{"start":{"line":123,"column":6},"end":{"line":135,"column":7}},"37":{"start":{"line":124,"column":8},"end":{"line":126,"column":9}},"38":{"start":{"line":125,"column":10},"end":{"line":125,"column":78}},"39":{"start":{"line":127,"column":8},"end":{"line":134,"column":9}},"40":{"start":{"line":128,"column":10},"end":{"line":133,"column":12}},"41":{"start":{"line":137,"column":6},"end":{"line":137,"column":33}},"42":{"start":{"line":141,"column":11},"end":{"line":162,"column":3}},"43":{"start":{"line":142,"column":19},"end":{"line":142,"column":29}},"44":{"start":{"line":143,"column":4},"end":{"line":161,"column":5}},"45":{"start":{"line":144,"column":23},"end":{"line":144,"column":50}},"46":{"start":{"line":146,"column":6},"end":{"line":152,"column":8}},"47":{"start":{"line":155,"column":6},"end":{"line":159,"column":7}},"48":{"start":{"line":156,"column":8},"end":{"line":158,"column":9}},"49":{"start":{"line":157,"column":10},"end":{"line":157,"column":78}},"50":{"start":{"line":160,"column":6},"end":{"line":160,"column":33}},"51":{"start":{"line":164,"column":11},"end":{"line":185,"column":3}},"52":{"start":{"line":165,"column":4},"end":{"line":184,"column":6}},"53":{"start":{"line":171,"column":10},"end":{"line":171,"column":19}},"54":{"start":{"line":173,"column":35},"end":{"line":181,"column":8}},"55":{"start":{"line":183,"column":6},"end":{"line":183,"column":42}},"56":{"start":{"line":187,"column":11},"end":{"line":219,"column":3}},"57":{"start":{"line":188,"column":4},"end":{"line":218,"column":5}},"58":{"start":{"line":189,"column":23},"end":{"line":189,"column":26}},"59":{"start":{"line":190,"column":26},"end":{"line":193,"column":7}},"60":{"start":{"line":195,"column":6},"end":{"line":197,"column":7}},"61":{"start":{"line":196,"column":8},"end":{"line":196,"column":61}},"62":{"start":{"line":199,"column":19},"end":{"line":199,"column":33}},"63":{"start":{"line":201,"column":6},"end":{"line":203,"column":7}},"64":{"start":{"line":202,"column":8},"end":{"line":202,"column":72}},"65":{"start":{"line":205,"column":25},"end":{"line":205,"column":55}},"66":{"start":{"line":207,"column":6},"end":{"line":214,"column":8}},"67":{"start":{"line":216,"column":6},"end":{"line":216,"column":21}},"68":{"start":{"line":217,"column":6},"end":{"line":217,"column":52}},"69":{"start":{"line":225,"column":17},"end":{"line":234,"column":3}},"70":{"start":{"line":226,"column":14},"end":{"line":229,"column":5}},"71":{"start":{"line":231,"column":4},"end":{"line":233,"column":6}},"72":{"start":{"line":232,"column":39},"end":{"line":232,"column":49}},"73":{"start":{"line":237,"column":4},"end":{"line":243,"column":6}},"74":{"start":{"line":247,"column":0},"end":{"line":247,"column":32}}},"fnMap":{"0":{"name":"(anonymous_0)","decl":{"start":{"line":10,"column":2},"end":{"line":10,"column":3}},"loc":{"start":{"line":10,"column":21},"end":{"line":14,"column":3}},"line":10},"1":{"name":"(anonymous_1)","decl":{"start":{"line":15,"column":11},"end":{"line":15,"column":12}},"loc":{"start":{"line":15,"column":37},"end":{"line":60,"column":3}},"line":15},"2":{"name":"(anonymous_2)","decl":{"start":{"line":62,"column":8},"end":{"line":62,"column":9}},"loc":{"start":{"line":62,"column":34},"end":{"line":81,"column":3}},"line":62},"3":{"name":"(anonymous_3)","decl":{"start":{"line":83,"column":11},"end":{"line":83,"column":12}},"loc":{"start":{"line":83,"column":37},"end":{"line":102,"column":3}},"line":83},"4":{"name":"(anonymous_4)","decl":{"start":{"line":104,"column":11},"end":{"line":104,"column":12}},"loc":{"start":{"line":104,"column":37},"end":{"line":139,"column":3}},"line":104},"5":{"name":"(anonymous_5)","decl":{"start":{"line":141,"column":11},"end":{"line":141,"column":12}},"loc":{"start":{"line":141,"column":37},"end":{"line":162,"column":3}},"line":141},"6":{"name":"(anonymous_6)","decl":{"start":{"line":164,"column":11},"end":{"line":164,"column":12}},"loc":{"start":{"line":164,"column":22},"end":{"line":185,"column":3}},"line":164},"7":{"name":"(anonymous_7)","decl":{"start":{"line":165,"column":11},"end":{"line":165,"column":12}},"loc":{"start":{"line":165,"column":37},"end":{"line":184,"column":5}},"line":165},"8":{"name":"(anonymous_8)","decl":{"start":{"line":187,"column":11},"end":{"line":187,"column":12}},"loc":{"start":{"line":187,"column":37},"end":{"line":219,"column":3}},"line":187},"9":{"name":"(anonymous_9)","decl":{"start":{"line":225,"column":17},"end":{"line":225,"column":18}},"loc":{"start":{"line":225,"column":29},"end":{"line":234,"column":3}},"line":225},"10":{"name":"(anonymous_10)","decl":{"start":{"line":232,"column":31},"end":{"line":232,"column":32}},"loc":{"start":{"line":232,"column":39},"end":{"line":232,"column":49}},"line":232},"11":{"name":"(anonymous_11)","decl":{"start":{"line":236,"column":2},"end":{"line":236,"column":3}},"loc":{"start":{"line":236,"column":55},"end":{"line":244,"column":3}},"line":236}},"branchMap":{"0":{"loc":{"start":{"line":18,"column":8},"end":{"line":18,"column":28}},"type":"default-arg","locations":[{"start":{"line":18,"column":17},"end":{"line":18,"column":28}}],"line":18},"1":{"loc":{"start":{"line":19,"column":8},"end":{"line":19,"column":21}},"type":"default-arg","locations":[{"start":{"line":19,"column":15},"end":{"line":19,"column":21}}],"line":19},"2":{"loc":{"start":{"line":20,"column":8},"end":{"line":20,"column":16}},"type":"default-arg","locations":[{"start":{"line":20,"column":15},"end":{"line":20,"column":16}}],"line":20},"3":{"loc":{"start":{"line":21,"column":8},"end":{"line":21,"column":18}},"type":"default-arg","locations":[{"start":{"line":21,"column":16},"end":{"line":21,"column":18}}],"line":21},"4":{"loc":{"start":{"line":22,"column":8},"end":{"line":22,"column":26}},"type":"default-arg","locations":[{"start":{"line":22,"column":17},"end":{"line":22,"column":26}}],"line":22},"5":{"loc":{"start":{"line":25,"column":6},"end":{"line":25,"column":53}},"type":"if","locations":[{"start":{"line":25,"column":6},"end":{"line":25,"column":53}},{"start":{},"end":{}}],"line":25},"6":{"loc":{"start":{"line":26,"column":6},"end":{"line":31,"column":7}},"type":"if","locations":[{"start":{"line":26,"column":6},"end":{"line":31,"column":7}},{"start":{},"end":{}}],"line":26},"7":{"loc":{"start":{"line":66,"column":6},"end":{"line":70,"column":7}},"type":"if","locations":[{"start":{"line":66,"column":6},"end":{"line":70,"column":7}},{"start":{},"end":{}}],"line":66},"8":{"loc":{"start":{"line":123,"column":6},"end":{"line":135,"column":7}},"type":"if","locations":[{"start":{"line":123,"column":6},"end":{"line":135,"column":7}},{"start":{},"end":{}}],"line":123},"9":{"loc":{"start":{"line":124,"column":8},"end":{"line":126,"column":9}},"type":"if","locations":[{"start":{"line":124,"column":8},"end":{"line":126,"column":9}},{"start":{},"end":{}}],"line":124},"10":{"loc":{"start":{"line":127,"column":8},"end":{"line":134,"column":9}},"type":"if","locations":[{"start":{"line":127,"column":8},"end":{"line":134,"column":9}},{"start":{},"end":{}}],"line":127},"11":{"loc":{"start":{"line":155,"column":6},"end":{"line":159,"column":7}},"type":"if","locations":[{"start":{"line":155,"column":6},"end":{"line":159,"column":7}},{"start":{},"end":{}}],"line":155},"12":{"loc":{"start":{"line":156,"column":8},"end":{"line":158,"column":9}},"type":"if","locations":[{"start":{"line":156,"column":8},"end":{"line":158,"column":9}},{"start":{},"end":{}}],"line":156},"13":{"loc":{"start":{"line":167,"column":8},"end":{"line":167,"column":28}},"type":"default-arg","locations":[{"start":{"line":167,"column":17},"end":{"line":167,"column":28}}],"line":167},"14":{"loc":{"start":{"line":168,"column":8},"end":{"line":168,"column":21}},"type":"default-arg","locations":[{"start":{"line":168,"column":15},"end":{"line":168,"column":21}}],"line":168},"15":{"loc":{"start":{"line":169,"column":8},"end":{"line":169,"column":16}},"type":"default-arg","locations":[{"start":{"line":169,"column":15},"end":{"line":169,"column":16}}],"line":169},"16":{"loc":{"start":{"line":170,"column":8},"end":{"line":170,"column":18}},"type":"default-arg","locations":[{"start":{"line":170,"column":16},"end":{"line":170,"column":18}}],"line":170},"17":{"loc":{"start":{"line":195,"column":6},"end":{"line":197,"column":7}},"type":"if","locations":[{"start":{"line":195,"column":6},"end":{"line":197,"column":7}},{"start":{},"end":{}}],"line":195},"18":{"loc":{"start":{"line":201,"column":6},"end":{"line":203,"column":7}},"type":"if","locations":[{"start":{"line":201,"column":6},"end":{"line":203,"column":7}},{"start":{},"end":{}}],"line":201},"19":{"loc":{"start":{"line":242,"column":10},"end":{"line":242,"column":34}},"type":"binary-expr","locations":[{"start":{"line":242,"column":10},"end":{"line":242,"column":20}},{"start":{"line":242,"column":24},"end":{"line":242,"column":34}}],"line":242}},"s":{"0":1,"1":1,"2":1,"3":1,"4":5,"5":5,"6":5,"7":0,"8":0,"9":0,"10":0,"11":0,"12":0,"13":0,"14":0,"15":0,"16":5,"17":0,"18":0,"19":0,"20":0,"21":0,"22":0,"23":0,"24":5,"25":0,"26":0,"27":0,"28":0,"29":0,"30":5,"31":0,"32":0,"33":0,"34":0,"35":0,"36":0,"37":0,"38":0,"39":0,"40":0,"41":0,"42":5,"43":0,"44":0,"45":0,"46":0,"47":0,"48":0,"49":0,"50":0,"51":5,"52":1,"53":0,"54":0,"55":0,"56":5,"57":0,"58":0,"59":0,"60":0,"61":0,"62":0,"63":0,"64":0,"65":0,"66":0,"67":0,"68":0,"69":5,"70":0,"71":0,"72":0,"73":1,"74":1},"f":{"0":5,"1":0,"2":0,"3":0,"4":0,"5":0,"6":1,"7":0,"8":0,"9":0,"10":0,"11":1},"b":{"0":[0],"1":[0],"2":[0],"3":[0],"4":[0],"5":[0,0],"6":[0,0],"7":[0,0],"8":[0,0],"9":[0,0],"10":[0,0],"11":[0,0],"12":[0,0],"13":[0],"14":[0],"15":[0],"16":[0],"17":[0,0],"18":[0,0],"19":[1,0]},"_coverageSchema":"1a1c01bbd47fc00a2c39e90264f33305004495a9","hash":"4a223995974db73fdebf1db40966b62f26640ee8"}
,"C:\\Users\\localuser\\ReactXexpo\\nodejs\\src\\controllers\\index.js": {"path":"C:\\Users\\localuser\\ReactXexpo\\nodejs\\src\\controllers\\index.js","statementMap":{"0":{"start":{"line":1,"column":14},"end":{"line":1,"column":32}},"1":{"start":{"line":2,"column":13},"end":{"line":2,"column":30}},"2":{"start":{"line":3,"column":14},"end":{"line":3,"column":32}},"3":{"start":{"line":4,"column":13},"end":{"line":4,"column":30}},"4":{"start":{"line":5,"column":15},"end":{"line":5,"column":34}},"5":{"start":{"line":7,"column":0},"end":{"line":13,"column":2}}},"fnMap":{},"branchMap":{},"s":{"0":1,"1":1,"2":1,"3":1,"4":1,"5":1},"f":{},"b":{},"_coverageSchema":"1a1c01bbd47fc00a2c39e90264f33305004495a9","hash":"bbbf5fab02e9b6c3e19b6eb9a740a72dc1075484"}
,"C:\\Users\\localuser\\ReactXexpo\\nodejs\\src\\controllers\\auth\\index.js": {"path":"C:\\Users\\localuser\\ReactXexpo\\nodejs\\src\\controllers\\auth\\index.js","statementMap":{"0":{"start":{"line":1,"column":12},"end":{"line":1,"column":26}},"1":{"start":{"line":2,"column":23},"end":{"line":2,"column":41}},"2":{"start":{"line":3,"column":18},"end":{"line":3,"column":47}},"3":{"start":{"line":4,"column":16},"end":{"line":4,"column":34}},"4":{"start":{"line":5,"column":15},"end":{"line":5,"column":31}},"5":{"start":{"line":6,"column":43},"end":{"line":6,"column":74}},"6":{"start":{"line":7,"column":24},"end":{"line":7,"column":52}},"7":{"start":{"line":8,"column":20},"end":{"line":8,"column":63}},"8":{"start":{"line":11,"column":14},"end":{"line":11,"column":29}},"9":{"start":{"line":13,"column":21},"end":{"line":28,"column":2}},"10":{"start":{"line":30,"column":21},"end":{"line":33,"column":2}},"11":{"start":{"line":37,"column":4},"end":{"line":37,"column":17}},"12":{"start":{"line":38,"column":4},"end":{"line":43,"column":6}},"13":{"start":{"line":44,"column":4},"end":{"line":44,"column":71}},"14":{"start":{"line":47,"column":11},"end":{"line":85,"column":3}},"15":{"start":{"line":48,"column":4},"end":{"line":84,"column":5}},"16":{"start":{"line":49,"column":34},"end":{"line":49,"column":42}},"17":{"start":{"line":52,"column":24},"end":{"line":59,"column":8}},"18":{"start":{"line":61,"column":6},"end":{"line":61,"column":78}},"19":{"start":{"line":61,"column":21},"end":{"line":61,"column":78}},"20":{"start":{"line":63,"column":19},"end":{"line":67,"column":7}},"21":{"start":{"line":69,"column":6},"end":{"line":69,"column":24}},"22":{"start":{"line":71,"column":22},"end":{"line":71,"column":48}},"23":{"start":{"line":72,"column":6},"end":{"line":81,"column":8}},"24":{"start":{"line":83,"column":6},"end":{"line":83,"column":31}},"25":{"start":{"line":86,"column":12},"end":{"line":94,"column":3}},"26":{"start":{"line":87,"column":4},"end":{"line":93,"column":5}},"27":{"start":{"line":88,"column":28},"end":{"line":88,"column":68}},"28":{"start":{"line":89,"column":6},"end":{"line":89,"column":40}},"29":{"start":{"line":90,"column":6},"end":{"line":90,"column":13}},"30":{"start":{"line":92,"column":6},"end":{"line":92,"column":31}},"31":{"start":{"line":96,"column":11},"end":{"line":131,"column":3}},"32":{"start":{"line":97,"column":4},"end":{"line":130,"column":5}},"33":{"start":{"line":98,"column":34},"end":{"line":98,"column":42}},"34":{"start":{"line":99,"column":19},"end":{"line":103,"column":8}},"35":{"start":{"line":105,"column":6},"end":{"line":107,"column":7}},"36":{"start":{"line":106,"column":8},"end":{"line":106,"column":71}},"37":{"start":{"line":109,"column":22},"end":{"line":109,"column":66}},"38":{"start":{"line":110,"column":6},"end":{"line":112,"column":7}},"39":{"start":{"line":111,"column":8},"end":{"line":111,"column":71}},"40":{"start":{"line":114,"column":20},"end":{"line":116,"column":8}},"41":{"start":{"line":117,"column":6},"end":{"line":127,"column":8}},"42":{"start":{"line":129,"column":6},"end":{"line":129,"column":31}},"43":{"start":{"line":134,"column":0},"end":{"line":134,"column":26}},"44":{"start":{"line":135,"column":0},"end":{"line":135,"column":24}}},"fnMap":{"0":{"name":"(anonymous_0)","decl":{"start":{"line":36,"column":2},"end":{"line":36,"column":3}},"loc":{"start":{"line":36,"column":21},"end":{"line":45,"column":3}},"line":36},"1":{"name":"(anonymous_1)","decl":{"start":{"line":47,"column":11},"end":{"line":47,"column":12}},"loc":{"start":{"line":47,"column":37},"end":{"line":85,"column":3}},"line":47},"2":{"name":"(anonymous_2)","decl":{"start":{"line":86,"column":12},"end":{"line":86,"column":13}},"loc":{"start":{"line":86,"column":38},"end":{"line":94,"column":3}},"line":86},"3":{"name":"(anonymous_3)","decl":{"start":{"line":96,"column":11},"end":{"line":96,"column":12}},"loc":{"start":{"line":96,"column":37},"end":{"line":131,"column":3}},"line":96}},"branchMap":{"0":{"loc":{"start":{"line":61,"column":6},"end":{"line":61,"column":78}},"type":"if","locations":[{"start":{"line":61,"column":6},"end":{"line":61,"column":78}},{"start":{},"end":{}}],"line":61},"1":{"loc":{"start":{"line":105,"column":6},"end":{"line":107,"column":7}},"type":"if","locations":[{"start":{"line":105,"column":6},"end":{"line":107,"column":7}},{"start":{},"end":{}}],"line":105},"2":{"loc":{"start":{"line":110,"column":6},"end":{"line":112,"column":7}},"type":"if","locations":[{"start":{"line":110,"column":6},"end":{"line":112,"column":7}},{"start":{},"end":{}}],"line":110}},"s":{"0":1,"1":1,"2":1,"3":1,"4":1,"5":1,"6":1,"7":1,"8":1,"9":1,"10":1,"11":1,"12":1,"13":1,"14":1,"15":1,"16":1,"17":1,"18":1,"19":0,"20":1,"21":1,"22":1,"23":1,"24":0,"25":1,"26":1,"27":1,"28":1,"29":1,"30":0,"31":1,"32":0,"33":0,"34":0,"35":0,"36":0,"37":0,"38":0,"39":0,"40":0,"41":0,"42":0,"43":1,"44":1},"f":{"0":1,"1":1,"2":1,"3":0},"b":{"0":[0,1],"1":[0,0],"2":[0,0]},"_coverageSchema":"1a1c01bbd47fc00a2c39e90264f33305004495a9","hash":"2bc3a250e98f3af023684e16e7f88211451da15d"}
,"C:\\Users\\localuser\\ReactXexpo\\nodejs\\src\\controllers\\cars\\index.js": {"path":"C:\\Users\\localuser\\ReactXexpo\\nodejs\\src\\controllers\\cars\\index.js","statementMap":{"0":{"start":{"line":2,"column":12},"end":{"line":2,"column":26}},"1":{"start":{"line":5,"column":23},"end":{"line":5,"column":41}},"2":{"start":{"line":6,"column":17},"end":{"line":6,"column":44}},"3":{"start":{"line":7,"column":16},"end":{"line":7,"column":34}},"4":{"start":{"line":8,"column":19},"end":{"line":8,"column":54}},"5":{"start":{"line":9,"column":15},"end":{"line":9,"column":31}},"6":{"start":{"line":10,"column":33},"end":{"line":10,"column":75}},"7":{"start":{"line":11,"column":13},"end":{"line":11,"column":46}},"8":{"start":{"line":13,"column":13},"end":{"line":13,"column":27}},"9":{"start":{"line":15,"column":18},"end":{"line":29,"column":2}},"10":{"start":{"line":33,"column":4},"end":{"line":33,"column":17}},"11":{"start":{"line":34,"column":4},"end":{"line":34,"column":66}},"12":{"start":{"line":35,"column":4},"end":{"line":35,"column":52}},"13":{"start":{"line":36,"column":4},"end":{"line":42,"column":6}},"14":{"start":{"line":43,"column":4},"end":{"line":43,"column":47}},"15":{"start":{"line":44,"column":4},"end":{"line":44,"column":63}},"16":{"start":{"line":45,"column":4},"end":{"line":45,"column":33}},"17":{"start":{"line":46,"column":4},"end":{"line":52,"column":6}},"18":{"start":{"line":53,"column":4},"end":{"line":53,"column":39}},"19":{"start":{"line":82,"column":17},"end":{"line":106,"column":3}},"20":{"start":{"line":83,"column":17},"end":{"line":83,"column":19}},"21":{"start":{"line":84,"column":4},"end":{"line":86,"column":5}},"22":{"start":{"line":85,"column":6},"end":{"line":85,"column":56}},"23":{"start":{"line":87,"column":4},"end":{"line":89,"column":5}},"24":{"start":{"line":88,"column":6},"end":{"line":88,"column":44}},"25":{"start":{"line":90,"column":4},"end":{"line":92,"column":5}},"26":{"start":{"line":91,"column":6},"end":{"line":91,"column":56}},"27":{"start":{"line":93,"column":4},"end":{"line":95,"column":5}},"28":{"start":{"line":94,"column":6},"end":{"line":94,"column":56}},"29":{"start":{"line":96,"column":4},"end":{"line":98,"column":5}},"30":{"start":{"line":97,"column":6},"end":{"line":97,"column":58}},"31":{"start":{"line":99,"column":4},"end":{"line":101,"column":5}},"32":{"start":{"line":100,"column":6},"end":{"line":100,"column":58}},"33":{"start":{"line":103,"column":4},"end":{"line":103,"column":44}},"34":{"start":{"line":103,"column":23},"end":{"line":103,"column":44}},"35":{"start":{"line":105,"column":4},"end":{"line":105,"column":11}},"36":{"start":{"line":109,"column":0},"end":{"line":109,"column":25}},"37":{"start":{"line":111,"column":0},"end":{"line":111,"column":24}}},"fnMap":{"0":{"name":"(anonymous_0)","decl":{"start":{"line":32,"column":2},"end":{"line":32,"column":3}},"loc":{"start":{"line":32,"column":21},"end":{"line":54,"column":3}},"line":32},"1":{"name":"(anonymous_1)","decl":{"start":{"line":82,"column":17},"end":{"line":82,"column":18}},"loc":{"start":{"line":82,"column":37},"end":{"line":106,"column":3}},"line":82}},"branchMap":{"0":{"loc":{"start":{"line":84,"column":4},"end":{"line":86,"column":5}},"type":"if","locations":[{"start":{"line":84,"column":4},"end":{"line":86,"column":5}},{"start":{},"end":{}}],"line":84},"1":{"loc":{"start":{"line":87,"column":4},"end":{"line":89,"column":5}},"type":"if","locations":[{"start":{"line":87,"column":4},"end":{"line":89,"column":5}},{"start":{},"end":{}}],"line":87},"2":{"loc":{"start":{"line":90,"column":4},"end":{"line":92,"column":5}},"type":"if","locations":[{"start":{"line":90,"column":4},"end":{"line":92,"column":5}},{"start":{},"end":{}}],"line":90},"3":{"loc":{"start":{"line":93,"column":4},"end":{"line":95,"column":5}},"type":"if","locations":[{"start":{"line":93,"column":4},"end":{"line":95,"column":5}},{"start":{},"end":{}}],"line":93},"4":{"loc":{"start":{"line":96,"column":4},"end":{"line":98,"column":5}},"type":"if","locations":[{"start":{"line":96,"column":4},"end":{"line":98,"column":5}},{"start":{},"end":{}}],"line":96},"5":{"loc":{"start":{"line":99,"column":4},"end":{"line":101,"column":5}},"type":"if","locations":[{"start":{"line":99,"column":4},"end":{"line":101,"column":5}},{"start":{},"end":{}}],"line":99},"6":{"loc":{"start":{"line":103,"column":4},"end":{"line":103,"column":44}},"type":"if","locations":[{"start":{"line":103,"column":4},"end":{"line":103,"column":44}},{"start":{},"end":{}}],"line":103}},"s":{"0":1,"1":1,"2":1,"3":1,"4":1,"5":1,"6":1,"7":1,"8":1,"9":1,"10":1,"11":1,"12":1,"13":1,"14":1,"15":1,"16":1,"17":1,"18":1,"19":1,"20":0,"21":0,"22":0,"23":0,"24":0,"25":0,"26":0,"27":0,"28":0,"29":0,"30":0,"31":0,"32":0,"33":0,"34":0,"35":0,"36":1,"37":1},"f":{"0":1,"1":0},"b":{"0":[0,0],"1":[0,0],"2":[0,0],"3":[0,0],"4":[0,0],"5":[0,0],"6":[0,0]},"_coverageSchema":"1a1c01bbd47fc00a2c39e90264f33305004495a9","hash":"22e99658599008594b599cdd5d185614f029ff86"}
,"C:\\Users\\localuser\\ReactXexpo\\nodejs\\src\\controllers\\order\\index.js": {"path":"C:\\Users\\localuser\\ReactXexpo\\nodejs\\src\\controllers\\order\\index.js","statementMap":{"0":{"start":{"line":95,"column":12},"end":{"line":95,"column":26}},"1":{"start":{"line":97,"column":23},"end":{"line":97,"column":41}},"2":{"start":{"line":98,"column":19},"end":{"line":98,"column":48}},"3":{"start":{"line":99,"column":18},"end":{"line":99,"column":45}},"4":{"start":{"line":100,"column":16},"end":{"line":100,"column":34}},"5":{"start":{"line":101,"column":33},"end":{"line":101,"column":75}},"6":{"start":{"line":102,"column":15},"end":{"line":102,"column":31}},"7":{"start":{"line":103,"column":24},"end":{"line":103,"column":66}},"8":{"start":{"line":104,"column":26},"end":{"line":104,"column":64}},"9":{"start":{"line":106,"column":14},"end":{"line":106,"column":30}},"10":{"start":{"line":107,"column":13},"end":{"line":107,"column":28}},"11":{"start":{"line":109,"column":20},"end":{"line":114,"column":2}},"12":{"start":{"line":118,"column":4},"end":{"line":118,"column":17}},"13":{"start":{"line":119,"column":4},"end":{"line":119,"column":33}},"14":{"start":{"line":120,"column":4},"end":{"line":120,"column":75}},"15":{"start":{"line":121,"column":4},"end":{"line":121,"column":64}},"16":{"start":{"line":122,"column":4},"end":{"line":122,"column":56}},"17":{"start":{"line":128,"column":11},"end":{"line":195,"column":3}},"18":{"start":{"line":129,"column":4},"end":{"line":194,"column":5}},"19":{"start":{"line":130,"column":22},"end":{"line":139,"column":8}},"20":{"start":{"line":141,"column":6},"end":{"line":142,"column":79}},"21":{"start":{"line":142,"column":8},"end":{"line":142,"column":79}},"22":{"start":{"line":144,"column":32},"end":{"line":148,"column":8}},"23":{"start":{"line":149,"column":6},"end":{"line":149,"column":49}},"24":{"start":{"line":150,"column":26},"end":{"line":150,"column":36}},"25":{"start":{"line":151,"column":24},"end":{"line":151,"column":53}},"26":{"start":{"line":152,"column":22},"end":{"line":152,"column":49}},"27":{"start":{"line":154,"column":8},"end":{"line":154,"column":69}},"28":{"start":{"line":155,"column":24},"end":{"line":157,"column":58}},"29":{"start":{"line":159,"column":34},"end":{"line":182,"column":8}},"30":{"start":{"line":184,"column":6},"end":{"line":191,"column":8}},"31":{"start":{"line":193,"column":6},"end":{"line":193,"column":25}},"32":{"start":{"line":197,"column":12},"end":{"line":222,"column":3}},"33":{"start":{"line":198,"column":19},"end":{"line":198,"column":29}},"34":{"start":{"line":199,"column":4},"end":{"line":221,"column":5}},"35":{"start":{"line":200,"column":26},"end":{"line":200,"column":34}},"36":{"start":{"line":201,"column":20},"end":{"line":201,"column":48}},"37":{"start":{"line":203,"column":6},"end":{"line":205,"column":7}},"38":{"start":{"line":204,"column":8},"end":{"line":204,"column":62}},"39":{"start":{"line":207,"column":24},"end":{"line":209,"column":8}},"40":{"start":{"line":211,"column":6},"end":{"line":218,"column":8}},"41":{"start":{"line":220,"column":6},"end":{"line":220,"column":25}},"42":{"start":{"line":224,"column":20},"end":{"line":259,"column":3}},"43":{"start":{"line":225,"column":19},"end":{"line":225,"column":29}},"44":{"start":{"line":226,"column":4},"end":{"line":258,"column":5}},"45":{"start":{"line":227,"column":20},"end":{"line":249,"column":8}},"46":{"start":{"line":251,"column":6},"end":{"line":253,"column":7}},"47":{"start":{"line":252,"column":8},"end":{"line":252,"column":60}},"48":{"start":{"line":255,"column":6},"end":{"line":255,"column":32}},"49":{"start":{"line":257,"column":6},"end":{"line":257,"column":25}},"50":{"start":{"line":262,"column":0},"end":{"line":262,"column":27}},"51":{"start":{"line":264,"column":0},"end":{"line":264,"column":24}}},"fnMap":{"0":{"name":"(anonymous_0)","decl":{"start":{"line":117,"column":2},"end":{"line":117,"column":3}},"loc":{"start":{"line":117,"column":21},"end":{"line":126,"column":3}},"line":117},"1":{"name":"(anonymous_1)","decl":{"start":{"line":128,"column":11},"end":{"line":128,"column":12}},"loc":{"start":{"line":128,"column":37},"end":{"line":195,"column":3}},"line":128},"2":{"name":"(anonymous_2)","decl":{"start":{"line":197,"column":12},"end":{"line":197,"column":13}},"loc":{"start":{"line":197,"column":38},"end":{"line":222,"column":3}},"line":197},"3":{"name":"(anonymous_3)","decl":{"start":{"line":224,"column":20},"end":{"line":224,"column":21}},"loc":{"start":{"line":224,"column":46},"end":{"line":259,"column":3}},"line":224}},"branchMap":{"0":{"loc":{"start":{"line":141,"column":6},"end":{"line":142,"column":79}},"type":"if","locations":[{"start":{"line":141,"column":6},"end":{"line":142,"column":79}},{"start":{},"end":{}}],"line":141},"1":{"loc":{"start":{"line":203,"column":6},"end":{"line":205,"column":7}},"type":"if","locations":[{"start":{"line":203,"column":6},"end":{"line":205,"column":7}},{"start":{},"end":{}}],"line":203},"2":{"loc":{"start":{"line":251,"column":6},"end":{"line":253,"column":7}},"type":"if","locations":[{"start":{"line":251,"column":6},"end":{"line":253,"column":7}},{"start":{},"end":{}}],"line":251}},"s":{"0":1,"1":1,"2":1,"3":1,"4":1,"5":1,"6":1,"7":1,"8":1,"9":1,"10":1,"11":1,"12":1,"13":1,"14":1,"15":1,"16":1,"17":1,"18":0,"19":0,"20":0,"21":0,"22":0,"23":0,"24":0,"25":0,"26":0,"27":0,"28":0,"29":0,"30":0,"31":0,"32":1,"33":0,"34":0,"35":0,"36":0,"37":0,"38":0,"39":0,"40":0,"41":0,"42":1,"43":0,"44":0,"45":0,"46":0,"47":0,"48":0,"49":0,"50":1,"51":1},"f":{"0":1,"1":0,"2":0,"3":0},"b":{"0":[0,0],"1":[0,0],"2":[0,0]},"_coverageSchema":"1a1c01bbd47fc00a2c39e90264f33305004495a9","hash":"4b4a7b81520857fab75d75ec086993c17f902139"}
,"C:\\Users\\localuser\\ReactXexpo\\nodejs\\src\\controllers\\upload\\index.js": {"path":"C:\\Users\\localuser\\ReactXexpo\\nodejs\\src\\controllers\\upload\\index.js","statementMap":{"0":{"start":{"line":2,"column":23},"end":{"line":2,"column":41}},"1":{"start":{"line":3,"column":16},"end":{"line":3,"column":34}},"2":{"start":{"line":4,"column":15},"end":{"line":4,"column":31}},"3":{"start":{"line":5,"column":25},"end":{"line":5,"column":60}},"4":{"start":{"line":6,"column":21},"end":{"line":6,"column":56}},"5":{"start":{"line":10,"column":4},"end":{"line":10,"column":12}},"6":{"start":{"line":11,"column":4},"end":{"line":11,"column":57}},"7":{"start":{"line":12,"column":4},"end":{"line":12,"column":64}},"8":{"start":{"line":15,"column":11},"end":{"line":61,"column":3}},"9":{"start":{"line":16,"column":4},"end":{"line":60,"column":5}},"10":{"start":{"line":17,"column":28},"end":{"line":26,"column":7}},"11":{"start":{"line":28,"column":6},"end":{"line":30,"column":7}},"12":{"start":{"line":29,"column":8},"end":{"line":29,"column":66}},"13":{"start":{"line":32,"column":23},"end":{"line":32,"column":26}},"14":{"start":{"line":33,"column":25},"end":{"line":33,"column":55}},"15":{"start":{"line":34,"column":26},"end":{"line":34,"column":70}},"16":{"start":{"line":36,"column":25},"end":{"line":39,"column":8}},"17":{"start":{"line":41,"column":19},"end":{"line":41,"column":32}},"18":{"start":{"line":42,"column":6},"end":{"line":44,"column":7}},"19":{"start":{"line":43,"column":8},"end":{"line":43,"column":75}},"20":{"start":{"line":45,"column":6},"end":{"line":57,"column":8}},"21":{"start":{"line":59,"column":6},"end":{"line":59,"column":14}},"22":{"start":{"line":63,"column":15},"end":{"line":98,"column":3}},"23":{"start":{"line":64,"column":4},"end":{"line":97,"column":5}},"24":{"start":{"line":65,"column":23},"end":{"line":65,"column":26}},"25":{"start":{"line":66,"column":28},"end":{"line":75,"column":7}},"26":{"start":{"line":77,"column":6},"end":{"line":79,"column":7}},"27":{"start":{"line":78,"column":8},"end":{"line":78,"column":66}},"28":{"start":{"line":81,"column":24},"end":{"line":81,"column":78}},"29":{"start":{"line":83,"column":6},"end":{"line":94,"column":8}},"30":{"start":{"line":96,"column":6},"end":{"line":96,"column":14}},"31":{"start":{"line":101,"column":0},"end":{"line":101,"column":23}},"32":{"start":{"line":103,"column":0},"end":{"line":103,"column":24}}},"fnMap":{"0":{"name":"(anonymous_0)","decl":{"start":{"line":9,"column":2},"end":{"line":9,"column":3}},"loc":{"start":{"line":9,"column":16},"end":{"line":13,"column":3}},"line":9},"1":{"name":"(anonymous_1)","decl":{"start":{"line":15,"column":11},"end":{"line":15,"column":12}},"loc":{"start":{"line":15,"column":37},"end":{"line":61,"column":3}},"line":15},"2":{"name":"(anonymous_2)","decl":{"start":{"line":63,"column":15},"end":{"line":63,"column":16}},"loc":{"start":{"line":63,"column":41},"end":{"line":98,"column":3}},"line":63}},"branchMap":{"0":{"loc":{"start":{"line":28,"column":6},"end":{"line":30,"column":7}},"type":"if","locations":[{"start":{"line":28,"column":6},"end":{"line":30,"column":7}},{"start":{},"end":{}}],"line":28},"1":{"loc":{"start":{"line":42,"column":6},"end":{"line":44,"column":7}},"type":"if","locations":[{"start":{"line":42,"column":6},"end":{"line":44,"column":7}},{"start":{},"end":{}}],"line":42},"2":{"loc":{"start":{"line":77,"column":6},"end":{"line":79,"column":7}},"type":"if","locations":[{"start":{"line":77,"column":6},"end":{"line":79,"column":7}},{"start":{},"end":{}}],"line":77},"3":{"loc":{"start":{"line":81,"column":24},"end":{"line":81,"column":78}},"type":"binary-expr","locations":[{"start":{"line":81,"column":24},"end":{"line":81,"column":55}},{"start":{"line":81,"column":59},"end":{"line":81,"column":78}}],"line":81}},"s":{"0":1,"1":1,"2":1,"3":1,"4":1,"5":1,"6":1,"7":1,"8":1,"9":0,"10":0,"11":0,"12":0,"13":0,"14":0,"15":0,"16":0,"17":0,"18":0,"19":0,"20":0,"21":0,"22":1,"23":0,"24":0,"25":0,"26":0,"27":0,"28":0,"29":0,"30":0,"31":1,"32":1},"f":{"0":1,"1":0,"2":0},"b":{"0":[0,0],"1":[0,0],"2":[0,0],"3":[0,0]},"_coverageSchema":"1a1c01bbd47fc00a2c39e90264f33305004495a9","hash":"7a2b88070949dd2b238d1815a8689e8aaf64b28a"}
,"C:\\Users\\localuser\\ReactXexpo\\nodejs\\src\\controllers\\users\\index.js": {"path":"C:\\Users\\localuser\\ReactXexpo\\nodejs\\src\\controllers\\users\\index.js","statementMap":{"0":{"start":{"line":1,"column":12},"end":{"line":1,"column":26}},"1":{"start":{"line":2,"column":23},"end":{"line":2,"column":41}},"2":{"start":{"line":3,"column":18},"end":{"line":3,"column":47}},"3":{"start":{"line":4,"column":16},"end":{"line":4,"column":34}},"4":{"start":{"line":5,"column":15},"end":{"line":5,"column":31}},"5":{"start":{"line":6,"column":28},"end":{"line":6,"column":59}},"6":{"start":{"line":7,"column":33},"end":{"line":7,"column":75}},"7":{"start":{"line":9,"column":14},"end":{"line":9,"column":29}},"8":{"start":{"line":11,"column":19},"end":{"line":22,"column":2}},"9":{"start":{"line":24,"column":25},"end":{"line":32,"column":2}},"10":{"start":{"line":36,"column":4},"end":{"line":36,"column":17}},"11":{"start":{"line":37,"column":4},"end":{"line":37,"column":33}},"12":{"start":{"line":38,"column":4},"end":{"line":46,"column":6}},"13":{"start":{"line":47,"column":4},"end":{"line":47,"column":33}},"14":{"start":{"line":48,"column":4},"end":{"line":54,"column":6}},"15":{"start":{"line":55,"column":4},"end":{"line":55,"column":39}},"16":{"start":{"line":59,"column":16},"end":{"line":78,"column":3}},"17":{"start":{"line":60,"column":24},"end":{"line":72,"column":6}},"18":{"start":{"line":74,"column":4},"end":{"line":75,"column":78}},"19":{"start":{"line":75,"column":6},"end":{"line":75,"column":78}},"20":{"start":{"line":77,"column":4},"end":{"line":77,"column":11}},"21":{"start":{"line":80,"column":20},"end":{"line":84,"column":3}},"22":{"start":{"line":81,"column":26},"end":{"line":81,"column":66}},"23":{"start":{"line":82,"column":4},"end":{"line":82,"column":38}},"24":{"start":{"line":83,"column":4},"end":{"line":83,"column":11}},"25":{"start":{"line":86,"column":0},"end":{"line":86,"column":27}},"26":{"start":{"line":87,"column":0},"end":{"line":87,"column":24}}},"fnMap":{"0":{"name":"(anonymous_0)","decl":{"start":{"line":35,"column":2},"end":{"line":35,"column":3}},"loc":{"start":{"line":35,"column":21},"end":{"line":56,"column":3}},"line":35},"1":{"name":"(anonymous_1)","decl":{"start":{"line":59,"column":16},"end":{"line":59,"column":17}},"loc":{"start":{"line":59,"column":42},"end":{"line":78,"column":3}},"line":59},"2":{"name":"(anonymous_2)","decl":{"start":{"line":80,"column":20},"end":{"line":80,"column":21}},"loc":{"start":{"line":80,"column":46},"end":{"line":84,"column":3}},"line":80}},"branchMap":{"0":{"loc":{"start":{"line":74,"column":4},"end":{"line":75,"column":78}},"type":"if","locations":[{"start":{"line":74,"column":4},"end":{"line":75,"column":78}},{"start":{},"end":{}}],"line":74}},"s":{"0":1,"1":1,"2":1,"3":1,"4":1,"5":1,"6":1,"7":1,"8":1,"9":1,"10":1,"11":1,"12":1,"13":1,"14":1,"15":1,"16":1,"17":0,"18":0,"19":0,"20":0,"21":1,"22":0,"23":0,"24":0,"25":1,"26":1},"f":{"0":1,"1":0,"2":0},"b":{"0":[0,0]},"_coverageSchema":"1a1c01bbd47fc00a2c39e90264f33305004495a9","hash":"d1d54725b732a2303c2a469b6ac6fbdad8dfb581"}
,"C:\\Users\\localuser\\ReactXexpo\\nodejs\\src\\helpers\\bcrypt.js": {"path":"C:\\Users\\localuser\\ReactXexpo\\nodejs\\src\\helpers\\bcrypt.js","statementMap":{"0":{"start":{"line":1,"column":15},"end":{"line":1,"column":34}},"1":{"start":{"line":2,"column":13},"end":{"line":2,"column":15}},"2":{"start":{"line":12,"column":17},"end":{"line":12,"column":70}},"3":{"start":{"line":13,"column":2},"end":{"line":13,"column":16}},"4":{"start":{"line":25,"column":17},"end":{"line":25,"column":64}},"5":{"start":{"line":26,"column":2},"end":{"line":26,"column":16}},"6":{"start":{"line":29,"column":0},"end":{"line":32,"column":2}}},"fnMap":{"0":{"name":"encryptPassword","decl":{"start":{"line":11,"column":15},"end":{"line":11,"column":30}},"loc":{"start":{"line":11,"column":41},"end":{"line":14,"column":1}},"line":11},"1":{"name":"checkPassword","decl":{"start":{"line":24,"column":15},"end":{"line":24,"column":28}},"loc":{"start":{"line":24,"column":56},"end":{"line":27,"column":1}},"line":24}},"branchMap":{},"s":{"0":1,"1":1,"2":1,"3":1,"4":0,"5":0,"6":1},"f":{"0":1,"1":0},"b":{},"_coverageSchema":"1a1c01bbd47fc00a2c39e90264f33305004495a9","hash":"ec3a2bf1f05b27852573c0f728e1f01528e7b185"}
,"C:\\Users\\localuser\\ReactXexpo\\nodejs\\src\\helpers\\cloudinary.js": {"path":"C:\\Users\\localuser\\ReactXexpo\\nodejs\\src\\helpers\\cloudinary.js","statementMap":{"0":{"start":{"line":1,"column":29},"end":{"line":1,"column":53}},"1":{"start":{"line":3,"column":25},"end":{"line":7,"column":2}},"2":{"start":{"line":9,"column":0},"end":{"line":9,"column":48}}},"fnMap":{},"branchMap":{},"s":{"0":1,"1":1,"2":1},"f":{},"b":{},"_coverageSchema":"1a1c01bbd47fc00a2c39e90264f33305004495a9","hash":"2e374478a73fca82235a9fc8c46eabc95e874800"}
,"C:\\Users\\localuser\\ReactXexpo\\nodejs\\src\\helpers\\createInvoice.js": {"path":"C:\\Users\\localuser\\ReactXexpo\\nodejs\\src\\helpers\\createInvoice.js","statementMap":{"0":{"start":{"line":1,"column":11},"end":{"line":1,"column":24}},"1":{"start":{"line":2,"column":20},"end":{"line":2,"column":37}},"2":{"start":{"line":3,"column":13},"end":{"line":3,"column":28}},"3":{"start":{"line":6,"column":12},"end":{"line":6,"column":55}},"4":{"start":{"line":8,"column":2},"end":{"line":8,"column":22}},"5":{"start":{"line":9,"column":2},"end":{"line":9,"column":44}},"6":{"start":{"line":10,"column":2},"end":{"line":10,"column":37}},"7":{"start":{"line":11,"column":2},"end":{"line":11,"column":22}},"8":{"start":{"line":13,"column":2},"end":{"line":13,"column":12}},"9":{"start":{"line":14,"column":2},"end":{"line":14,"column":16}},"10":{"start":{"line":18,"column":2},"end":{"line":29,"column":16}},"11":{"start":{"line":33,"column":2},"end":{"line":33,"column":65}},"12":{"start":{"line":35,"column":2},"end":{"line":35,"column":23}},"13":{"start":{"line":37,"column":33},"end":{"line":37,"column":36}},"14":{"start":{"line":38,"column":2},"end":{"line":38,"column":23}},"15":{"start":{"line":39,"column":2},"end":{"line":54,"column":16}},"16":{"start":{"line":56,"column":2},"end":{"line":56,"column":23}},"17":{"start":{"line":60,"column":26},"end":{"line":60,"column":29}},"18":{"start":{"line":62,"column":2},"end":{"line":62,"column":29}},"19":{"start":{"line":63,"column":2},"end":{"line":71,"column":4}},"20":{"start":{"line":72,"column":2},"end":{"line":72,"column":40}},"21":{"start":{"line":73,"column":2},"end":{"line":73,"column":24}},"22":{"start":{"line":75,"column":19},"end":{"line":75,"column":43}},"23":{"start":{"line":76,"column":2},"end":{"line":84,"column":4}},"24":{"start":{"line":86,"column":2},"end":{"line":86,"column":33}},"25":{"start":{"line":88,"column":27},"end":{"line":88,"column":51}},"26":{"start":{"line":89,"column":2},"end":{"line":97,"column":4}},"27":{"start":{"line":125,"column":2},"end":{"line":132,"column":6}},"28":{"start":{"line":144,"column":2},"end":{"line":150,"column":47}},"29":{"start":{"line":154,"column":2},"end":{"line":154,"column":80}},"30":{"start":{"line":158,"column":25},"end":{"line":161,"column":4}},"31":{"start":{"line":163,"column":2},"end":{"line":163,"column":38}},"32":{"start":{"line":167,"column":14},"end":{"line":167,"column":28}},"33":{"start":{"line":168,"column":16},"end":{"line":168,"column":35}},"34":{"start":{"line":169,"column":15},"end":{"line":169,"column":33}},"35":{"start":{"line":171,"column":2},"end":{"line":171,"column":40}},"36":{"start":{"line":174,"column":0},"end":{"line":176,"column":2}}},"fnMap":{"0":{"name":"createInvoice","decl":{"start":{"line":5,"column":9},"end":{"line":5,"column":22}},"loc":{"start":{"line":5,"column":37},"end":{"line":15,"column":1}},"line":5},"1":{"name":"generateHeader","decl":{"start":{"line":17,"column":9},"end":{"line":17,"column":23}},"loc":{"start":{"line":17,"column":29},"end":{"line":30,"column":1}},"line":17},"2":{"name":"generateCustomerInformation","decl":{"start":{"line":32,"column":9},"end":{"line":32,"column":36}},"loc":{"start":{"line":32,"column":51},"end":{"line":57,"column":1}},"line":32},"3":{"name":"generateInvoiceTable","decl":{"start":{"line":59,"column":9},"end":{"line":59,"column":29}},"loc":{"start":{"line":59,"column":44},"end":{"line":122,"column":1}},"line":59},"4":{"name":"generateFooter","decl":{"start":{"line":124,"column":9},"end":{"line":124,"column":23}},"loc":{"start":{"line":124,"column":29},"end":{"line":133,"column":1}},"line":124},"5":{"name":"generateTableRow","decl":{"start":{"line":135,"column":9},"end":{"line":135,"column":25}},"loc":{"start":{"line":143,"column":2},"end":{"line":151,"column":1}},"line":143},"6":{"name":"generateHr","decl":{"start":{"line":153,"column":9},"end":{"line":153,"column":19}},"loc":{"start":{"line":153,"column":28},"end":{"line":155,"column":1}},"line":153},"7":{"name":"formatCurrency","decl":{"start":{"line":157,"column":9},"end":{"line":157,"column":23}},"loc":{"start":{"line":157,"column":31},"end":{"line":164,"column":1}},"line":157},"8":{"name":"formatDate","decl":{"start":{"line":166,"column":9},"end":{"line":166,"column":19}},"loc":{"start":{"line":166,"column":26},"end":{"line":172,"column":1}},"line":166}},"branchMap":{},"s":{"0":1,"1":1,"2":1,"3":0,"4":0,"5":0,"6":0,"7":0,"8":0,"9":0,"10":0,"11":0,"12":0,"13":0,"14":0,"15":0,"16":0,"17":0,"18":0,"19":0,"20":0,"21":0,"22":0,"23":0,"24":0,"25":0,"26":0,"27":0,"28":0,"29":0,"30":0,"31":0,"32":0,"33":0,"34":0,"35":0,"36":1},"f":{"0":0,"1":0,"2":0,"3":0,"4":0,"5":0,"6":0,"7":0,"8":0},"b":{},"_coverageSchema":"1a1c01bbd47fc00a2c39e90264f33305004495a9","hash":"f3146640d85672b56f225ebb8ed6e03ed720b88b"}
,"C:\\Users\\localuser\\ReactXexpo\\nodejs\\src\\helpers\\jwt.js": {"path":"C:\\Users\\localuser\\ReactXexpo\\nodejs\\src\\helpers\\jwt.js","statementMap":{"0":{"start":{"line":1,"column":12},"end":{"line":1,"column":35}},"1":{"start":{"line":2,"column":19},"end":{"line":2,"column":30}},"2":{"start":{"line":5,"column":4},"end":{"line":5,"column":61}},"3":{"start":{"line":9,"column":4},"end":{"line":9,"column":37}},"4":{"start":{"line":12,"column":0},"end":{"line":12,"column":46}}},"fnMap":{"0":{"name":"createToken","decl":{"start":{"line":4,"column":9},"end":{"line":4,"column":20}},"loc":{"start":{"line":4,"column":30},"end":{"line":6,"column":1}},"line":4},"1":{"name":"verifyToken","decl":{"start":{"line":8,"column":9},"end":{"line":8,"column":20}},"loc":{"start":{"line":8,"column":28},"end":{"line":10,"column":1}},"line":8}},"branchMap":{},"s":{"0":1,"1":1,"2":0,"3":0,"4":1},"f":{"0":0,"1":0},"b":{},"_coverageSchema":"1a1c01bbd47fc00a2c39e90264f33305004495a9","hash":"7748061e01d39a0412f3ff3a7fa1e93f77ebd996"}
,"C:\\Users\\localuser\\ReactXexpo\\nodejs\\src\\helpers\\xlsx.js": {"path":"C:\\Users\\localuser\\ReactXexpo\\nodejs\\src\\helpers\\xlsx.js","statementMap":{"0":{"start":{"line":1,"column":11},"end":{"line":1,"column":26}},"1":{"start":{"line":4,"column":11},"end":{"line":4,"column":41}},"2":{"start":{"line":5,"column":11},"end":{"line":5,"column":32}},"3":{"start":{"line":7,"column":2},"end":{"line":7,"column":46}},"4":{"start":{"line":9,"column":12},"end":{"line":9,"column":62}},"5":{"start":{"line":11,"column":2},"end":{"line":11,"column":46}},"6":{"start":{"line":12,"column":2},"end":{"line":12,"column":34}},"7":{"start":{"line":16,"column":19},"end":{"line":16,"column":42}},"8":{"start":{"line":17,"column":15},"end":{"line":17,"column":80}},"9":{"start":{"line":18,"column":2},"end":{"line":18,"column":13}},"10":{"start":{"line":21,"column":0},"end":{"line":21,"column":43}}},"fnMap":{"0":{"name":"generateXLSX","decl":{"start":{"line":3,"column":9},"end":{"line":3,"column":21}},"loc":{"start":{"line":3,"column":39},"end":{"line":13,"column":1}},"line":3},"1":{"name":"readXLSX","decl":{"start":{"line":15,"column":9},"end":{"line":15,"column":17}},"loc":{"start":{"line":15,"column":24},"end":{"line":19,"column":1}},"line":15}},"branchMap":{},"s":{"0":1,"1":0,"2":0,"3":0,"4":0,"5":0,"6":0,"7":0,"8":0,"9":0,"10":1},"f":{"0":0,"1":0},"b":{},"_coverageSchema":"1a1c01bbd47fc00a2c39e90264f33305004495a9","hash":"c19c7e4bc533dc4670089bff22a5e2b858c83189"}
,"C:\\Users\\localuser\\ReactXexpo\\nodejs\\src\\helpers\\errors\\base.js": {"path":"C:\\Users\\localuser\\ReactXexpo\\nodejs\\src\\helpers\\errors\\base.js","statementMap":{"0":{"start":{"line":3,"column":6},"end":{"line":3,"column":14}},"1":{"start":{"line":4,"column":6},"end":{"line":4,"column":35}},"2":{"start":{"line":5,"column":6},"end":{"line":5,"column":29}},"3":{"start":{"line":9,"column":2},"end":{"line":9,"column":28}}},"fnMap":{"0":{"name":"(anonymous_0)","decl":{"start":{"line":2,"column":4},"end":{"line":2,"column":5}},"loc":{"start":{"line":2,"column":37},"end":{"line":6,"column":5}},"line":2}},"branchMap":{},"s":{"0":0,"1":0,"2":0,"3":1},"f":{"0":0},"b":{},"_coverageSchema":"1a1c01bbd47fc00a2c39e90264f33305004495a9","hash":"831c7faf1eaca056fedfbb76d3e4744da074d15f"}
,"C:\\Users\\localuser\\ReactXexpo\\nodejs\\src\\helpers\\errors\\index.js": {"path":"C:\\Users\\localuser\\ReactXexpo\\nodejs\\src\\helpers\\errors\\index.js","statementMap":{"0":{"start":{"line":2,"column":0},"end":{"line":2,"column":36}},"1":{"start":{"line":3,"column":0},"end":{"line":3,"column":48}},"2":{"start":{"line":4,"column":0},"end":{"line":4,"column":44}},"3":{"start":{"line":5,"column":0},"end":{"line":5,"column":40}}},"fnMap":{},"branchMap":{},"s":{"0":1,"1":1,"2":1,"3":1},"f":{},"b":{},"_coverageSchema":"1a1c01bbd47fc00a2c39e90264f33305004495a9","hash":"264b9fdbb360eadb20092e9b04b60513b40f87d9"}
,"C:\\Users\\localuser\\ReactXexpo\\nodejs\\src\\helpers\\errors\\notFound.js": {"path":"C:\\Users\\localuser\\ReactXexpo\\nodejs\\src\\helpers\\errors\\notFound.js","statementMap":{"0":{"start":{"line":3,"column":6},"end":{"line":3,"column":14}},"1":{"start":{"line":4,"column":6},"end":{"line":4,"column":29}},"2":{"start":{"line":5,"column":6},"end":{"line":5,"column":28}},"3":{"start":{"line":6,"column":6},"end":{"line":6,"column":34}},"4":{"start":{"line":10,"column":2},"end":{"line":10,"column":32}}},"fnMap":{"0":{"name":"(anonymous_0)","decl":{"start":{"line":2,"column":4},"end":{"line":2,"column":5}},"loc":{"start":{"line":2,"column":44},"end":{"line":7,"column":5}},"line":2}},"branchMap":{"0":{"loc":{"start":{"line":2,"column":21},"end":{"line":2,"column":42}},"type":"default-arg","locations":[{"start":{"line":2,"column":31},"end":{"line":2,"column":42}}],"line":2},"1":{"loc":{"start":{"line":6,"column":19},"end":{"line":6,"column":33}},"type":"binary-expr","locations":[{"start":{"line":6,"column":19},"end":{"line":6,"column":22}},{"start":{"line":6,"column":26},"end":{"line":6,"column":33}}],"line":6}},"s":{"0":0,"1":0,"2":0,"3":0,"4":1},"f":{"0":0},"b":{"0":[0],"1":[0,0]},"_coverageSchema":"1a1c01bbd47fc00a2c39e90264f33305004495a9","hash":"df8dfed442c5ca072d4e0515f056d05ea587eddc"}
,"C:\\Users\\localuser\\ReactXexpo\\nodejs\\src\\helpers\\errors\\server.js": {"path":"C:\\Users\\localuser\\ReactXexpo\\nodejs\\src\\helpers\\errors\\server.js","statementMap":{"0":{"start":{"line":3,"column":6},"end":{"line":3,"column":14}},"1":{"start":{"line":4,"column":6},"end":{"line":4,"column":28}},"2":{"start":{"line":6,"column":6},"end":{"line":6,"column":45}},"3":{"start":{"line":7,"column":6},"end":{"line":7,"column":27}},"4":{"start":{"line":11,"column":2},"end":{"line":11,"column":30}}},"fnMap":{"0":{"name":"(anonymous_0)","decl":{"start":{"line":2,"column":4},"end":{"line":2,"column":5}},"loc":{"start":{"line":2,"column":51},"end":{"line":8,"column":5}},"line":2}},"branchMap":{"0":{"loc":{"start":{"line":2,"column":16},"end":{"line":2,"column":49}},"type":"default-arg","locations":[{"start":{"line":2,"column":26},"end":{"line":2,"column":49}}],"line":2}},"s":{"0":0,"1":0,"2":0,"3":0,"4":1},"f":{"0":0},"b":{"0":[0]},"_coverageSchema":"1a1c01bbd47fc00a2c39e90264f33305004495a9","hash":"41148bbf490d86389ba1c003fde13b6de763ff28"}
,"C:\\Users\\localuser\\ReactXexpo\\nodejs\\src\\helpers\\errors\\validation.js": {"path":"C:\\Users\\localuser\\ReactXexpo\\nodejs\\src\\helpers\\errors\\validation.js","statementMap":{"0":{"start":{"line":3,"column":6},"end":{"line":3,"column":14}},"1":{"start":{"line":4,"column":6},"end":{"line":4,"column":28}},"2":{"start":{"line":5,"column":6},"end":{"line":5,"column":29}},"3":{"start":{"line":9,"column":2},"end":{"line":9,"column":34}}},"fnMap":{"0":{"name":"(anonymous_0)","decl":{"start":{"line":2,"column":4},"end":{"line":2,"column":5}},"loc":{"start":{"line":2,"column":46},"end":{"line":6,"column":5}},"line":2}},"branchMap":{"0":{"loc":{"start":{"line":2,"column":16},"end":{"line":2,"column":44}},"type":"default-arg","locations":[{"start":{"line":2,"column":26},"end":{"line":2,"column":44}}],"line":2}},"s":{"0":0,"1":0,"2":0,"3":1},"f":{"0":0},"b":{"0":[0]},"_coverageSchema":"1a1c01bbd47fc00a2c39e90264f33305004495a9","hash":"f15bc05cd210acbcb5681ef56959d6792f90923b"}
,"C:\\Users\\localuser\\ReactXexpo\\nodejs\\src\\middlewares\\authorization.js": {"path":"C:\\Users\\localuser\\ReactXexpo\\nodejs\\src\\middlewares\\authorization.js","statementMap":{"0":{"start":{"line":1,"column":37},"end":{"line":1,"column":62}},"1":{"start":{"line":2,"column":18},"end":{"line":2,"column":44}},"2":{"start":{"line":3,"column":14},"end":{"line":3,"column":29}},"3":{"start":{"line":6,"column":2},"end":{"line":17,"column":3}},"4":{"start":{"line":7,"column":24},"end":{"line":7,"column":49}},"5":{"start":{"line":8,"column":4},"end":{"line":8,"column":78}},"6":{"start":{"line":8,"column":22},"end":{"line":8,"column":78}},"7":{"start":{"line":9,"column":18},"end":{"line":9,"column":43}},"8":{"start":{"line":10,"column":20},"end":{"line":10,"column":38}},"9":{"start":{"line":12,"column":4},"end":{"line":12,"column":47}},"10":{"start":{"line":13,"column":4},"end":{"line":13,"column":11}},"11":{"start":{"line":15,"column":4},"end":{"line":15,"column":21}},"12":{"start":{"line":16,"column":4},"end":{"line":16,"column":12}},"13":{"start":{"line":21,"column":2},"end":{"line":26,"column":4}},"14":{"start":{"line":22,"column":4},"end":{"line":24,"column":5}},"15":{"start":{"line":23,"column":6},"end":{"line":23,"column":60}},"16":{"start":{"line":25,"column":4},"end":{"line":25,"column":11}},"17":{"start":{"line":29,"column":0},"end":{"line":32,"column":2}}},"fnMap":{"0":{"name":"authorize","decl":{"start":{"line":5,"column":15},"end":{"line":5,"column":24}},"loc":{"start":{"line":5,"column":41},"end":{"line":18,"column":1}},"line":5},"1":{"name":"checkRole","decl":{"start":{"line":20,"column":9},"end":{"line":20,"column":18}},"loc":{"start":{"line":20,"column":26},"end":{"line":27,"column":1}},"line":20},"2":{"name":"(anonymous_2)","decl":{"start":{"line":21,"column":9},"end":{"line":21,"column":10}},"loc":{"start":{"line":21,"column":35},"end":{"line":26,"column":3}},"line":21}},"branchMap":{"0":{"loc":{"start":{"line":8,"column":4},"end":{"line":8,"column":78}},"type":"if","locations":[{"start":{"line":8,"column":4},"end":{"line":8,"column":78}},{"start":{},"end":{}}],"line":8},"1":{"loc":{"start":{"line":22,"column":4},"end":{"line":24,"column":5}},"type":"if","locations":[{"start":{"line":22,"column":4},"end":{"line":24,"column":5}},{"start":{},"end":{}}],"line":22}},"s":{"0":1,"1":1,"2":1,"3":0,"4":0,"5":0,"6":0,"7":0,"8":0,"9":0,"10":0,"11":0,"12":0,"13":2,"14":0,"15":0,"16":0,"17":1},"f":{"0":0,"1":2,"2":0},"b":{"0":[0,0],"1":[0,0]},"_coverageSchema":"1a1c01bbd47fc00a2c39e90264f33305004495a9","hash":"5c756c59f2a576909bd2b1ab5a787d04cfa5b009"}
,"C:\\Users\\localuser\\ReactXexpo\\nodejs\\src\\middlewares\\errorHandler.js": {"path":"C:\\Users\\localuser\\ReactXexpo\\nodejs\\src\\middlewares\\errorHandler.js","statementMap":{"0":{"start":{"line":2,"column":4},"end":{"line":2,"column":36}},"1":{"start":{"line":5,"column":42},"end":{"line":5,"column":45}},"2":{"start":{"line":10,"column":4},"end":{"line":14,"column":7}},"3":{"start":{"line":17,"column":2},"end":{"line":17,"column":31}}},"fnMap":{"0":{"name":"errorHandler","decl":{"start":{"line":1,"column":9},"end":{"line":1,"column":21}},"loc":{"start":{"line":1,"column":43},"end":{"line":15,"column":3}},"line":1}},"branchMap":{"0":{"loc":{"start":{"line":2,"column":18},"end":{"line":2,"column":34}},"type":"binary-expr","locations":[{"start":{"line":2,"column":18},"end":{"line":2,"column":27}},{"start":{"line":2,"column":31},"end":{"line":2,"column":34}}],"line":2},"1":{"loc":{"start":{"line":5,"column":12},"end":{"line":5,"column":28}},"type":"default-arg","locations":[{"start":{"line":5,"column":25},"end":{"line":5,"column":28}}],"line":5}},"s":{"0":0,"1":0,"2":0,"3":1},"f":{"0":0},"b":{"0":[0,0],"1":[0]},"_coverageSchema":"1a1c01bbd47fc00a2c39e90264f33305004495a9","hash":"0cbc2ef94a4e6d05e886c931987b3b5d53e18121"}
,"C:\\Users\\localuser\\ReactXexpo\\nodejs\\src\\middlewares\\rbac.js": {"path":"C:\\Users\\localuser\\ReactXexpo\\nodejs\\src\\middlewares\\rbac.js","statementMap":{"0":{"start":{"line":3,"column":18},"end":{"line":3,"column":32}},"1":{"start":{"line":4,"column":20},"end":{"line":4,"column":47}},"2":{"start":{"line":5,"column":24},"end":{"line":5,"column":71}},"3":{"start":{"line":6,"column":15},"end":{"line":6,"column":32}},"4":{"start":{"line":9,"column":2},"end":{"line":33,"column":4}},"5":{"start":{"line":10,"column":19},"end":{"line":10,"column":35}},"6":{"start":{"line":11,"column":4},"end":{"line":11,"column":24}},"7":{"start":{"line":12,"column":4},"end":{"line":12,"column":36}},"8":{"start":{"line":12,"column":22},"end":{"line":12,"column":36}},"9":{"start":{"line":16,"column":25},"end":{"line":29,"column":6}},"10":{"start":{"line":30,"column":4},"end":{"line":30,"column":30}},"11":{"start":{"line":31,"column":4},"end":{"line":31,"column":76}},"12":{"start":{"line":31,"column":23},"end":{"line":31,"column":76}},"13":{"start":{"line":32,"column":4},"end":{"line":32,"column":18}},"14":{"start":{"line":36,"column":0},"end":{"line":36,"column":22}}},"fnMap":{"0":{"name":"rbac","decl":{"start":{"line":8,"column":9},"end":{"line":8,"column":13}},"loc":{"start":{"line":8,"column":38},"end":{"line":34,"column":1}},"line":8},"1":{"name":"(anonymous_1)","decl":{"start":{"line":9,"column":9},"end":{"line":9,"column":10}},"loc":{"start":{"line":9,"column":35},"end":{"line":33,"column":3}},"line":9}},"branchMap":{"0":{"loc":{"start":{"line":12,"column":4},"end":{"line":12,"column":36}},"type":"if","locations":[{"start":{"line":12,"column":4},"end":{"line":12,"column":36}},{"start":{},"end":{}}],"line":12},"1":{"loc":{"start":{"line":31,"column":4},"end":{"line":31,"column":76}},"type":"if","locations":[{"start":{"line":31,"column":4},"end":{"line":31,"column":76}},{"start":{},"end":{}}],"line":31}},"s":{"0":1,"1":1,"2":1,"3":1,"4":2,"5":0,"6":0,"7":0,"8":0,"9":0,"10":0,"11":0,"12":0,"13":0,"14":1},"f":{"0":2,"1":0},"b":{"0":[0,0],"1":[0,0]},"_coverageSchema":"1a1c01bbd47fc00a2c39e90264f33305004495a9","hash":"66da4fe1bbe7c5af6e8edbfad1c8a24319bb2b55"}
,"C:\\Users\\localuser\\ReactXexpo\\nodejs\\src\\middlewares\\upload.js": {"path":"C:\\Users\\localuser\\ReactXexpo\\nodejs\\src\\middlewares\\upload.js","statementMap":{"0":{"start":{"line":1,"column":15},"end":{"line":1,"column":32}},"1":{"start":{"line":2,"column":22},"end":{"line":2,"column":44}},"2":{"start":{"line":3,"column":13},"end":{"line":3,"column":28}},"3":{"start":{"line":5,"column":19},"end":{"line":5,"column":55}},"4":{"start":{"line":6,"column":19},"end":{"line":6,"column":51}},"5":{"start":{"line":7,"column":0},"end":{"line":7,"column":24}},"6":{"start":{"line":9,"column":20},"end":{"line":23,"column":2}},"7":{"start":{"line":11,"column":4},"end":{"line":11,"column":25}},"8":{"start":{"line":14,"column":17},"end":{"line":14,"column":27}},"9":{"start":{"line":15,"column":26},"end":{"line":15,"column":58}},"10":{"start":{"line":16,"column":25},"end":{"line":16,"column":78}},"11":{"start":{"line":18,"column":4},"end":{"line":21,"column":6}},"12":{"start":{"line":25,"column":0},"end":{"line":28,"column":2}}},"fnMap":{"0":{"name":"(anonymous_0)","decl":{"start":{"line":10,"column":15},"end":{"line":10,"column":16}},"loc":{"start":{"line":10,"column":40},"end":{"line":12,"column":3}},"line":10},"1":{"name":"(anonymous_1)","decl":{"start":{"line":13,"column":12},"end":{"line":13,"column":13}},"loc":{"start":{"line":13,"column":37},"end":{"line":22,"column":3}},"line":13}},"branchMap":{},"s":{"0":1,"1":1,"2":1,"3":1,"4":1,"5":1,"6":1,"7":0,"8":0,"9":0,"10":0,"11":0,"12":1},"f":{"0":0,"1":0},"b":{},"_coverageSchema":"1a1c01bbd47fc00a2c39e90264f33305004495a9","hash":"2475b4a799d44fa2245043495e436b3176e7b4ee"}
,"C:\\Users\\localuser\\ReactXexpo\\nodejs\\src\\middlewares\\validation.js": {"path":"C:\\Users\\localuser\\ReactXexpo\\nodejs\\src\\middlewares\\validation.js","statementMap":{"0":{"start":{"line":2,"column":4},"end":{"line":22,"column":5}},"1":{"start":{"line":3,"column":6},"end":{"line":21,"column":7}},"2":{"start":{"line":4,"column":22},"end":{"line":6,"column":34}},"3":{"start":{"line":7,"column":8},"end":{"line":9,"column":9}},"4":{"start":{"line":8,"column":10},"end":{"line":8,"column":46}},"5":{"start":{"line":11,"column":8},"end":{"line":11,"column":15}},"6":{"start":{"line":13,"column":23},"end":{"line":17,"column":10}},"7":{"start":{"line":14,"column":34},"end":{"line":14,"column":38}},"8":{"start":{"line":15,"column":23},"end":{"line":15,"column":42}},"9":{"start":{"line":16,"column":10},"end":{"line":16,"column":38}},"10":{"start":{"line":18,"column":8},"end":{"line":18,"column":27}},"11":{"start":{"line":20,"column":8},"end":{"line":20,"column":41}},"12":{"start":{"line":25,"column":2},"end":{"line":25,"column":30}}},"fnMap":{"0":{"name":"validation","decl":{"start":{"line":1,"column":9},"end":{"line":1,"column":19}},"loc":{"start":{"line":1,"column":27},"end":{"line":23,"column":3}},"line":1},"1":{"name":"(anonymous_1)","decl":{"start":{"line":2,"column":11},"end":{"line":2,"column":12}},"loc":{"start":{"line":2,"column":42},"end":{"line":22,"column":5}},"line":2},"2":{"name":"(anonymous_2)","decl":{"start":{"line":13,"column":40},"end":{"line":13,"column":41}},"loc":{"start":{"line":13,"column":48},"end":{"line":17,"column":9}},"line":13}},"branchMap":{"0":{"loc":{"start":{"line":7,"column":8},"end":{"line":9,"column":9}},"type":"if","locations":[{"start":{"line":7,"column":8},"end":{"line":9,"column":9}},{"start":{},"end":{}}],"line":7}},"s":{"0":7,"1":1,"2":1,"3":1,"4":0,"5":1,"6":0,"7":0,"8":0,"9":0,"10":0,"11":0,"12":1},"f":{"0":7,"1":1,"2":0},"b":{"0":[0,1]},"_coverageSchema":"1a1c01bbd47fc00a2c39e90264f33305004495a9","hash":"6766249f21c7332127e259f248c38064cd344610"}
,"C:\\Users\\localuser\\ReactXexpo\\nodejs\\src\\models\\access.js": {"path":"C:\\Users\\localuser\\ReactXexpo\\nodejs\\src\\models\\access.js","statementMap":{"0":{"start":{"line":1,"column":18},"end":{"line":1,"column":36}},"1":{"start":{"line":5,"column":4},"end":{"line":5,"column":20}},"2":{"start":{"line":6,"column":4},"end":{"line":12,"column":6}},"3":{"start":{"line":16,"column":0},"end":{"line":16,"column":29}}},"fnMap":{"0":{"name":"(anonymous_0)","decl":{"start":{"line":4,"column":2},"end":{"line":4,"column":3}},"loc":{"start":{"line":4,"column":16},"end":{"line":13,"column":3}},"line":4}},"branchMap":{},"s":{"0":1,"1":1,"2":1,"3":1},"f":{"0":1},"b":{},"_coverageSchema":"1a1c01bbd47fc00a2c39e90264f33305004495a9","hash":"d61e2a1f32c0d02fcd878f8fdf32e690b2706423"}
,"C:\\Users\\localuser\\ReactXexpo\\nodejs\\src\\models\\car.js": {"path":"C:\\Users\\localuser\\ReactXexpo\\nodejs\\src\\models\\car.js","statementMap":{"0":{"start":{"line":1,"column":16},"end":{"line":1,"column":34}},"1":{"start":{"line":5,"column":8},"end":{"line":5,"column":22}},"2":{"start":{"line":6,"column":8},"end":{"line":14,"column":10}},"3":{"start":{"line":18,"column":0},"end":{"line":18,"column":25}}},"fnMap":{"0":{"name":"(anonymous_0)","decl":{"start":{"line":4,"column":4},"end":{"line":4,"column":5}},"loc":{"start":{"line":4,"column":17},"end":{"line":15,"column":5}},"line":4}},"branchMap":{},"s":{"0":1,"1":2,"2":2,"3":1},"f":{"0":2},"b":{},"_coverageSchema":"1a1c01bbd47fc00a2c39e90264f33305004495a9","hash":"9e18a85d1720eb1a69f6b3c842a220ee9df4b4e3"}
,"C:\\Users\\localuser\\ReactXexpo\\nodejs\\src\\models\\index.js": {"path":"C:\\Users\\localuser\\ReactXexpo\\nodejs\\src\\models\\index.js","statementMap":{"0":{"start":{"line":1,"column":25},"end":{"line":1,"column":50}},"1":{"start":{"line":2,"column":18},"end":{"line":2,"column":36}},"2":{"start":{"line":5,"column":15},"end":{"line":5,"column":51}},"3":{"start":{"line":15,"column":4},"end":{"line":15,"column":31}},"4":{"start":{"line":18,"column":8},"end":{"line":40,"column":3}},"5":{"start":{"line":19,"column":74},"end":{"line":19,"column":75}},"6":{"start":{"line":20,"column":18},"end":{"line":29,"column":5}},"7":{"start":{"line":31,"column":31},"end":{"line":34,"column":6}},"8":{"start":{"line":36,"column":4},"end":{"line":39,"column":6}},"9":{"start":{"line":41,"column":12},"end":{"line":43,"column":3}},"10":{"start":{"line":42,"column":4},"end":{"line":42,"column":72}},"11":{"start":{"line":45,"column":11},"end":{"line":47,"column":3}},"12":{"start":{"line":46,"column":4},"end":{"line":46,"column":39}},"13":{"start":{"line":49,"column":8},"end":{"line":51,"column":3}},"14":{"start":{"line":50,"column":4},"end":{"line":50,"column":39}},"15":{"start":{"line":53,"column":11},"end":{"line":58,"column":3}},"16":{"start":{"line":54,"column":4},"end":{"line":57,"column":7}},"17":{"start":{"line":60,"column":12},"end":{"line":62,"column":3}},"18":{"start":{"line":61,"column":4},"end":{"line":61,"column":43}},"19":{"start":{"line":64,"column":11},"end":{"line":68,"column":3}},"20":{"start":{"line":65,"column":4},"end":{"line":67,"column":7}},"21":{"start":{"line":70,"column":10},"end":{"line":74,"column":3}},"22":{"start":{"line":71,"column":4},"end":{"line":73,"column":7}},"23":{"start":{"line":76,"column":16},"end":{"line":78,"column":3}},"24":{"start":{"line":77,"column":4},"end":{"line":77,"column":38}},"25":{"start":{"line":81,"column":0},"end":{"line":81,"column":27}}},"fnMap":{"0":{"name":"(anonymous_0)","decl":{"start":{"line":14,"column":2},"end":{"line":14,"column":3}},"loc":{"start":{"line":14,"column":21},"end":{"line":16,"column":3}},"line":14},"1":{"name":"(anonymous_1)","decl":{"start":{"line":18,"column":8},"end":{"line":18,"column":9}},"loc":{"start":{"line":18,"column":46},"end":{"line":40,"column":3}},"line":18},"2":{"name":"(anonymous_2)","decl":{"start":{"line":41,"column":12},"end":{"line":41,"column":13}},"loc":{"start":{"line":41,"column":34},"end":{"line":43,"column":3}},"line":41},"3":{"name":"(anonymous_3)","decl":{"start":{"line":45,"column":11},"end":{"line":45,"column":12}},"loc":{"start":{"line":45,"column":28},"end":{"line":47,"column":3}},"line":45},"4":{"name":"(anonymous_4)","decl":{"start":{"line":49,"column":8},"end":{"line":49,"column":9}},"loc":{"start":{"line":49,"column":18},"end":{"line":51,"column":3}},"line":49},"5":{"name":"(anonymous_5)","decl":{"start":{"line":53,"column":11},"end":{"line":53,"column":12}},"loc":{"start":{"line":53,"column":25},"end":{"line":58,"column":3}},"line":53},"6":{"name":"(anonymous_6)","decl":{"start":{"line":60,"column":12},"end":{"line":60,"column":13}},"loc":{"start":{"line":60,"column":22},"end":{"line":62,"column":3}},"line":60},"7":{"name":"(anonymous_7)","decl":{"start":{"line":64,"column":11},"end":{"line":64,"column":12}},"loc":{"start":{"line":64,"column":25},"end":{"line":68,"column":3}},"line":64},"8":{"name":"(anonymous_8)","decl":{"start":{"line":70,"column":10},"end":{"line":70,"column":11}},"loc":{"start":{"line":70,"column":27},"end":{"line":74,"column":3}},"line":70},"9":{"name":"(anonymous_9)","decl":{"start":{"line":76,"column":16},"end":{"line":76,"column":17}},"loc":{"start":{"line":76,"column":33},"end":{"line":78,"column":3}},"line":76}},"branchMap":{"0":{"loc":{"start":{"line":18,"column":33},"end":{"line":18,"column":39}},"type":"default-arg","locations":[{"start":{"line":18,"column":37},"end":{"line":18,"column":39}}],"line":18},"1":{"loc":{"start":{"line":19,"column":12},"end":{"line":19,"column":32}},"type":"default-arg","locations":[{"start":{"line":19,"column":21},"end":{"line":19,"column":32}}],"line":19},"2":{"loc":{"start":{"line":19,"column":34},"end":{"line":19,"column":47}},"type":"default-arg","locations":[{"start":{"line":19,"column":41},"end":{"line":19,"column":47}}],"line":19},"3":{"loc":{"start":{"line":19,"column":49},"end":{"line":19,"column":57}},"type":"default-arg","locations":[{"start":{"line":19,"column":56},"end":{"line":19,"column":57}}],"line":19},"4":{"loc":{"start":{"line":19,"column":59},"end":{"line":19,"column":69}},"type":"default-arg","locations":[{"start":{"line":19,"column":67},"end":{"line":19,"column":69}}],"line":19}},"s":{"0":1,"1":1,"2":1,"3":7,"4":7,"5":0,"6":0,"7":0,"8":0,"9":7,"10":0,"11":7,"12":1,"13":7,"14":1,"15":7,"16":0,"17":7,"18":0,"19":7,"20":0,"21":7,"22":0,"23":7,"24":0,"25":1},"f":{"0":7,"1":0,"2":0,"3":1,"4":1,"5":0,"6":0,"7":0,"8":0,"9":0},"b":{"0":[0],"1":[0],"2":[0],"3":[0],"4":[0]},"_coverageSchema":"1a1c01bbd47fc00a2c39e90264f33305004495a9","hash":"8d87dc7790f700c6a8dee3a5752753e216c8a8c5"}
,"C:\\Users\\localuser\\ReactXexpo\\nodejs\\src\\models\\order.js": {"path":"C:\\Users\\localuser\\ReactXexpo\\nodejs\\src\\models\\order.js","statementMap":{"0":{"start":{"line":1,"column":18},"end":{"line":1,"column":36}},"1":{"start":{"line":5,"column":4},"end":{"line":5,"column":20}},"2":{"start":{"line":6,"column":4},"end":{"line":22,"column":6}},"3":{"start":{"line":26,"column":0},"end":{"line":26,"column":28}}},"fnMap":{"0":{"name":"(anonymous_0)","decl":{"start":{"line":4,"column":2},"end":{"line":4,"column":3}},"loc":{"start":{"line":4,"column":16},"end":{"line":23,"column":3}},"line":4}},"branchMap":{},"s":{"0":1,"1":1,"2":1,"3":1},"f":{"0":1},"b":{},"_coverageSchema":"1a1c01bbd47fc00a2c39e90264f33305004495a9","hash":"bec13910713aa0ee0cafa054ea6fc9c519057f86"}
,"C:\\Users\\localuser\\ReactXexpo\\nodejs\\src\\models\\users.js": {"path":"C:\\Users\\localuser\\ReactXexpo\\nodejs\\src\\models\\users.js","statementMap":{"0":{"start":{"line":1,"column":16},"end":{"line":1,"column":34}},"1":{"start":{"line":5,"column":8},"end":{"line":5,"column":23}},"2":{"start":{"line":6,"column":8},"end":{"line":17,"column":10}},"3":{"start":{"line":21,"column":0},"end":{"line":21,"column":27}}},"fnMap":{"0":{"name":"(anonymous_0)","decl":{"start":{"line":4,"column":4},"end":{"line":4,"column":5}},"loc":{"start":{"line":4,"column":17},"end":{"line":18,"column":5}},"line":4}},"branchMap":{},"s":{"0":1,"1":3,"2":3,"3":1},"f":{"0":3},"b":{},"_coverageSchema":"1a1c01bbd47fc00a2c39e90264f33305004495a9","hash":"bca75e100aec6fb7f53079df2c52cf3a33160843"}
,"C:\\Users\\localuser\\ReactXexpo\\nodejs\\src\\routes\\index.js": {"path":"C:\\Users\\localuser\\ReactXexpo\\nodejs\\src\\routes\\index.js","statementMap":{"0":{"start":{"line":24,"column":45},"end":{"line":24,"column":70}},"1":{"start":{"line":25,"column":13},"end":{"line":25,"column":28}},"2":{"start":{"line":26,"column":16},"end":{"line":26,"column":34}},"3":{"start":{"line":27,"column":15},"end":{"line":27,"column":31}},"4":{"start":{"line":28,"column":18},"end":{"line":28,"column":47}},"5":{"start":{"line":29,"column":24},"end":{"line":29,"column":53}},"6":{"start":{"line":31,"column":0},"end":{"line":31,"column":75}},"7":{"start":{"line":32,"column":0},"end":{"line":32,"column":26}},"8":{"start":{"line":33,"column":0},"end":{"line":33,"column":28}},"9":{"start":{"line":34,"column":0},"end":{"line":34,"column":26}},"10":{"start":{"line":35,"column":0},"end":{"line":35,"column":28}},"11":{"start":{"line":36,"column":0},"end":{"line":36,"column":30}},"12":{"start":{"line":38,"column":0},"end":{"line":38,"column":24}}},"fnMap":{},"branchMap":{},"s":{"0":1,"1":1,"2":1,"3":1,"4":1,"5":1,"6":1,"7":1,"8":1,"9":1,"10":1,"11":1,"12":1},"f":{},"b":{},"_coverageSchema":"1a1c01bbd47fc00a2c39e90264f33305004495a9","hash":"5cabe381482f1ae1e9997a181950548bf87cb56f"}
}
