TN:
SF:index.js
FN:23,(anonymous_0)
FN:32,(anonymous_1)
FN:36,(anonymous_2)
FNF:3
FNH:1
FNDA:0,(anonymous_0)
FNDA:0,(anonymous_1)
FNDA:1,(anonymous_2)
DA:2,1
DA:5,1
DA:6,1
DA:7,1
DA:8,1
DA:9,1
DA:10,1
DA:11,1
DA:12,1
DA:15,1
DA:18,1
DA:19,1
DA:21,1
DA:23,1
DA:24,0
DA:27,1
DA:30,1
DA:32,1
DA:33,0
DA:36,1
DA:37,1
DA:40,1
LF:22
LH:20
BRDA:2,0,0,0
BRDA:2,0,1,1
BRDA:7,1,0,1
BRF:3
BRH:2
end_of_record
TN:
SF:src\controllers\base.js
FN:10,(anonymous_0)
FN:15,(anonymous_1)
FN:62,(anonymous_2)
FN:83,(anonymous_3)
FN:104,(anonymous_4)
FN:141,(anonymous_5)
FN:164,(anonymous_6)
FN:165,(anonymous_7)
FN:187,(anonymous_8)
FN:225,(anonymous_9)
FN:232,(anonymous_10)
FN:236,(anonymous_11)
FNF:12
FNH:3
FNDA:5,(anonymous_0)
FNDA:0,(anonymous_1)
FNDA:0,(anonymous_2)
FNDA:0,(anonymous_3)
FNDA:0,(anonymous_4)
FNDA:0,(anonymous_5)
FNDA:1,(anonymous_6)
FNDA:0,(anonymous_7)
FNDA:0,(anonymous_8)
FNDA:0,(anonymous_9)
FNDA:0,(anonymous_10)
FNDA:1,(anonymous_11)
DA:4,1
DA:5,1
DA:6,1
DA:7,1
DA:12,5
DA:13,5
DA:15,5
DA:16,0
DA:23,0
DA:25,0
DA:26,0
DA:27,0
DA:33,0
DA:42,0
DA:58,0
DA:62,5
DA:63,0
DA:64,0
DA:65,0
DA:66,0
DA:67,0
DA:71,0
DA:79,0
DA:83,5
DA:84,0
DA:85,0
DA:90,0
DA:92,0
DA:100,0
DA:104,5
DA:105,0
DA:106,0
DA:107,0
DA:112,0
DA:114,0
DA:123,0
DA:124,0
DA:125,0
DA:127,0
DA:128,0
DA:137,0
DA:141,5
DA:142,0
DA:143,0
DA:144,0
DA:146,0
DA:155,0
DA:156,0
DA:157,0
DA:160,0
DA:164,5
DA:165,1
DA:171,0
DA:173,0
DA:183,0
DA:187,5
DA:188,0
DA:189,0
DA:190,0
DA:195,0
DA:196,0
DA:199,0
DA:201,0
DA:202,0
DA:205,0
DA:207,0
DA:216,0
DA:217,0
DA:225,5
DA:226,0
DA:231,0
DA:232,0
DA:237,1
DA:247,1
LF:74
LH:17
BRDA:18,0,0,0
BRDA:19,1,0,0
BRDA:20,2,0,0
BRDA:21,3,0,0
BRDA:22,4,0,0
BRDA:25,5,0,0
BRDA:25,5,1,0
BRDA:26,6,0,0
BRDA:26,6,1,0
BRDA:66,7,0,0
BRDA:66,7,1,0
BRDA:123,8,0,0
BRDA:123,8,1,0
BRDA:124,9,0,0
BRDA:124,9,1,0
BRDA:127,10,0,0
BRDA:127,10,1,0
BRDA:155,11,0,0
BRDA:155,11,1,0
BRDA:156,12,0,0
BRDA:156,12,1,0
BRDA:167,13,0,0
BRDA:168,14,0,0
BRDA:169,15,0,0
BRDA:170,16,0,0
BRDA:195,17,0,0
BRDA:195,17,1,0
BRDA:201,18,0,0
BRDA:201,18,1,0
BRDA:242,19,0,1
BRDA:242,19,1,0
BRF:31
BRH:1
end_of_record
TN:
SF:src\controllers\index.js
FNF:0
FNH:0
DA:1,1
DA:2,1
DA:3,1
DA:4,1
DA:5,1
DA:7,1
LF:6
LH:6
BRF:0
BRH:0
end_of_record
TN:
SF:src\controllers\auth\index.js
FN:36,(anonymous_0)
FN:47,(anonymous_1)
FN:86,(anonymous_2)
FN:96,(anonymous_3)
FNF:4
FNH:3
FNDA:1,(anonymous_0)
FNDA:1,(anonymous_1)
FNDA:1,(anonymous_2)
FNDA:0,(anonymous_3)
DA:1,1
DA:2,1
DA:3,1
DA:4,1
DA:5,1
DA:6,1
DA:7,1
DA:8,1
DA:11,1
DA:13,1
DA:30,1
DA:37,1
DA:38,1
DA:44,1
DA:47,1
DA:48,1
DA:49,1
DA:52,1
DA:61,1
DA:63,1
DA:69,1
DA:71,1
DA:72,1
DA:83,0
DA:86,1
DA:87,1
DA:88,1
DA:89,1
DA:90,1
DA:92,0
DA:96,1
DA:97,0
DA:98,0
DA:99,0
DA:105,0
DA:106,0
DA:109,0
DA:110,0
DA:111,0
DA:114,0
DA:117,0
DA:129,0
DA:134,1
DA:135,1
LF:44
LH:31
BRDA:61,0,0,0
BRDA:61,0,1,1
BRDA:105,1,0,0
BRDA:105,1,1,0
BRDA:110,2,0,0
BRDA:110,2,1,0
BRF:6
BRH:1
end_of_record
TN:
SF:src\controllers\cars\index.js
FN:32,(anonymous_0)
FN:82,(anonymous_1)
FNF:2
FNH:1
FNDA:1,(anonymous_0)
FNDA:0,(anonymous_1)
DA:2,1
DA:5,1
DA:6,1
DA:7,1
DA:8,1
DA:9,1
DA:10,1
DA:11,1
DA:13,1
DA:15,1
DA:33,1
DA:34,1
DA:35,1
DA:36,1
DA:43,1
DA:44,1
DA:45,1
DA:46,1
DA:53,1
DA:82,1
DA:83,0
DA:84,0
DA:85,0
DA:87,0
DA:88,0
DA:90,0
DA:91,0
DA:93,0
DA:94,0
DA:96,0
DA:97,0
DA:99,0
DA:100,0
DA:103,0
DA:105,0
DA:109,1
DA:111,1
LF:37
LH:22
BRDA:84,0,0,0
BRDA:84,0,1,0
BRDA:87,1,0,0
BRDA:87,1,1,0
BRDA:90,2,0,0
BRDA:90,2,1,0
BRDA:93,3,0,0
BRDA:93,3,1,0
BRDA:96,4,0,0
BRDA:96,4,1,0
BRDA:99,5,0,0
BRDA:99,5,1,0
BRDA:103,6,0,0
BRDA:103,6,1,0
BRF:14
BRH:0
end_of_record
TN:
SF:src\controllers\order\index.js
FN:117,(anonymous_0)
FN:128,(anonymous_1)
FN:197,(anonymous_2)
FN:224,(anonymous_3)
FNF:4
FNH:1
FNDA:1,(anonymous_0)
FNDA:0,(anonymous_1)
FNDA:0,(anonymous_2)
FNDA:0,(anonymous_3)
DA:95,1
DA:97,1
DA:98,1
DA:99,1
DA:100,1
DA:101,1
DA:102,1
DA:103,1
DA:104,1
DA:106,1
DA:107,1
DA:109,1
DA:118,1
DA:119,1
DA:120,1
DA:121,1
DA:122,1
DA:128,1
DA:129,0
DA:130,0
DA:141,0
DA:142,0
DA:144,0
DA:149,0
DA:150,0
DA:151,0
DA:152,0
DA:154,0
DA:155,0
DA:159,0
DA:184,0
DA:193,0
DA:197,1
DA:198,0
DA:199,0
DA:200,0
DA:201,0
DA:203,0
DA:204,0
DA:207,0
DA:211,0
DA:220,0
DA:224,1
DA:225,0
DA:226,0
DA:227,0
DA:251,0
DA:252,0
DA:255,0
DA:257,0
DA:262,1
DA:264,1
LF:52
LH:22
BRDA:141,0,0,0
BRDA:141,0,1,0
BRDA:203,1,0,0
BRDA:203,1,1,0
BRDA:251,2,0,0
BRDA:251,2,1,0
BRF:6
BRH:0
end_of_record
TN:
SF:src\controllers\upload\index.js
FN:9,(anonymous_0)
FN:15,(anonymous_1)
FN:63,(anonymous_2)
FNF:3
FNH:1
FNDA:1,(anonymous_0)
FNDA:0,(anonymous_1)
FNDA:0,(anonymous_2)
DA:2,1
DA:3,1
DA:4,1
DA:5,1
DA:6,1
DA:10,1
DA:11,1
DA:12,1
DA:15,1
DA:16,0
DA:17,0
DA:28,0
DA:29,0
DA:32,0
DA:33,0
DA:34,0
DA:36,0
DA:41,0
DA:42,0
DA:43,0
DA:45,0
DA:59,0
DA:63,1
DA:64,0
DA:65,0
DA:66,0
DA:77,0
DA:78,0
DA:81,0
DA:83,0
DA:96,0
DA:101,1
DA:103,1
LF:33
LH:12
BRDA:28,0,0,0
BRDA:28,0,1,0
BRDA:42,1,0,0
BRDA:42,1,1,0
BRDA:77,2,0,0
BRDA:77,2,1,0
BRDA:81,3,0,0
BRDA:81,3,1,0
BRF:8
BRH:0
end_of_record
TN:
SF:src\controllers\users\index.js
FN:35,(anonymous_0)
FN:59,(anonymous_1)
FN:80,(anonymous_2)
FNF:3
FNH:1
FNDA:1,(anonymous_0)
FNDA:0,(anonymous_1)
FNDA:0,(anonymous_2)
DA:1,1
DA:2,1
DA:3,1
DA:4,1
DA:5,1
DA:6,1
DA:7,1
DA:9,1
DA:11,1
DA:24,1
DA:36,1
DA:37,1
DA:38,1
DA:47,1
DA:48,1
DA:55,1
DA:59,1
DA:60,0
DA:74,0
DA:75,0
DA:77,0
DA:80,1
DA:81,0
DA:82,0
DA:83,0
DA:86,1
DA:87,1
LF:27
LH:20
BRDA:74,0,0,0
BRDA:74,0,1,0
BRF:2
BRH:0
end_of_record
TN:
SF:src\helpers\bcrypt.js
FN:11,encryptPassword
FN:24,checkPassword
FNF:2
FNH:1
FNDA:1,encryptPassword
FNDA:0,checkPassword
DA:1,1
DA:2,1
DA:12,1
DA:13,1
DA:25,0
DA:26,0
DA:29,1
LF:7
LH:5
BRF:0
BRH:0
end_of_record
TN:
SF:src\helpers\cloudinary.js
FNF:0
FNH:0
DA:1,1
DA:3,1
DA:9,1
LF:3
LH:3
BRF:0
BRH:0
end_of_record
TN:
SF:src\helpers\createInvoice.js
FN:5,createInvoice
FN:17,generateHeader
FN:32,generateCustomerInformation
FN:59,generateInvoiceTable
FN:124,generateFooter
FN:135,generateTableRow
FN:153,generateHr
FN:157,formatCurrency
FN:166,formatDate
FNF:9
FNH:0
FNDA:0,createInvoice
FNDA:0,generateHeader
FNDA:0,generateCustomerInformation
FNDA:0,generateInvoiceTable
FNDA:0,generateFooter
FNDA:0,generateTableRow
FNDA:0,generateHr
FNDA:0,formatCurrency
FNDA:0,formatDate
DA:1,1
DA:2,1
DA:3,1
DA:6,0
DA:8,0
DA:9,0
DA:10,0
DA:11,0
DA:13,0
DA:14,0
DA:18,0
DA:33,0
DA:35,0
DA:37,0
DA:38,0
DA:39,0
DA:56,0
DA:60,0
DA:62,0
DA:63,0
DA:72,0
DA:73,0
DA:75,0
DA:76,0
DA:86,0
DA:88,0
DA:89,0
DA:125,0
DA:144,0
DA:154,0
DA:158,0
DA:163,0
DA:167,0
DA:168,0
DA:169,0
DA:171,0
DA:174,1
LF:37
LH:4
BRF:0
BRH:0
end_of_record
TN:
SF:src\helpers\jwt.js
FN:4,createToken
FN:8,verifyToken
FNF:2
FNH:0
FNDA:0,createToken
FNDA:0,verifyToken
DA:1,1
DA:2,1
DA:5,0
DA:9,0
DA:12,1
LF:5
LH:3
BRF:0
BRH:0
end_of_record
TN:
SF:src\helpers\xlsx.js
FN:3,generateXLSX
FN:15,readXLSX
FNF:2
FNH:0
FNDA:0,generateXLSX
FNDA:0,readXLSX
DA:1,1
DA:4,0
DA:5,0
DA:7,0
DA:9,0
DA:11,0
DA:12,0
DA:16,0
DA:17,0
DA:18,0
DA:21,1
LF:11
LH:2
BRF:0
BRH:0
end_of_record
TN:
SF:src\helpers\errors\base.js
FN:2,(anonymous_0)
FNF:1
FNH:0
FNDA:0,(anonymous_0)
DA:3,0
DA:4,0
DA:5,0
DA:9,1
LF:4
LH:1
BRF:0
BRH:0
end_of_record
TN:
SF:src\helpers\errors\index.js
FNF:0
FNH:0
DA:2,1
DA:3,1
DA:4,1
DA:5,1
LF:4
LH:4
BRF:0
BRH:0
end_of_record
TN:
SF:src\helpers\errors\notFound.js
FN:2,(anonymous_0)
FNF:1
FNH:0
FNDA:0,(anonymous_0)
DA:3,0
DA:4,0
DA:5,0
DA:6,0
DA:10,1
LF:5
LH:1
BRDA:2,0,0,0
BRDA:6,1,0,0
BRDA:6,1,1,0
BRF:3
BRH:0
end_of_record
TN:
SF:src\helpers\errors\server.js
FN:2,(anonymous_0)
FNF:1
FNH:0
FNDA:0,(anonymous_0)
DA:3,0
DA:4,0
DA:6,0
DA:7,0
DA:11,1
LF:5
LH:1
BRDA:2,0,0,0
BRF:1
BRH:0
end_of_record
TN:
SF:src\helpers\errors\validation.js
FN:2,(anonymous_0)
FNF:1
FNH:0
FNDA:0,(anonymous_0)
DA:3,0
DA:4,0
DA:5,0
DA:9,1
LF:4
LH:1
BRDA:2,0,0,0
BRF:1
BRH:0
end_of_record
TN:
SF:src\middlewares\authorization.js
FN:5,authorize
FN:20,checkRole
FN:21,(anonymous_2)
FNF:3
FNH:1
FNDA:0,authorize
FNDA:2,checkRole
FNDA:0,(anonymous_2)
DA:1,1
DA:2,1
DA:3,1
DA:6,0
DA:7,0
DA:8,0
DA:9,0
DA:10,0
DA:12,0
DA:13,0
DA:15,0
DA:16,0
DA:21,2
DA:22,0
DA:23,0
DA:25,0
DA:29,1
LF:17
LH:5
BRDA:8,0,0,0
BRDA:8,0,1,0
BRDA:22,1,0,0
BRDA:22,1,1,0
BRF:4
BRH:0
end_of_record
TN:
SF:src\middlewares\errorHandler.js
FN:1,errorHandler
FNF:1
FNH:0
FNDA:0,errorHandler
DA:2,0
DA:5,0
DA:10,0
DA:17,1
LF:4
LH:1
BRDA:2,0,0,0
BRDA:2,0,1,0
BRDA:5,1,0,0
BRF:3
BRH:0
end_of_record
TN:
SF:src\middlewares\rbac.js
FN:8,rbac
FN:9,(anonymous_1)
FNF:2
FNH:1
FNDA:2,rbac
FNDA:0,(anonymous_1)
DA:3,1
DA:4,1
DA:5,1
DA:6,1
DA:9,2
DA:10,0
DA:11,0
DA:12,0
DA:16,0
DA:30,0
DA:31,0
DA:32,0
DA:36,1
LF:13
LH:6
BRDA:12,0,0,0
BRDA:12,0,1,0
BRDA:31,1,0,0
BRDA:31,1,1,0
BRF:4
BRH:0
end_of_record
TN:
SF:src\middlewares\upload.js
FN:10,(anonymous_0)
FN:13,(anonymous_1)
FNF:2
FNH:0
FNDA:0,(anonymous_0)
FNDA:0,(anonymous_1)
DA:1,1
DA:2,1
DA:3,1
DA:5,1
DA:6,1
DA:7,1
DA:9,1
DA:11,0
DA:14,0
DA:15,0
DA:16,0
DA:18,0
DA:25,1
LF:13
LH:8
BRF:0
BRH:0
end_of_record
TN:
SF:src\middlewares\validation.js
FN:1,validation
FN:2,(anonymous_1)
FN:13,(anonymous_2)
FNF:3
FNH:2
FNDA:7,validation
FNDA:1,(anonymous_1)
FNDA:0,(anonymous_2)
DA:2,7
DA:3,1
DA:4,1
DA:7,1
DA:8,0
DA:11,1
DA:13,0
DA:14,0
DA:15,0
DA:16,0
DA:18,0
DA:20,0
DA:25,1
LF:13
LH:6
BRDA:7,0,0,0
BRDA:7,0,1,1
BRF:2
BRH:1
end_of_record
TN:
SF:src\models\access.js
FN:4,(anonymous_0)
FNF:1
FNH:1
FNDA:1,(anonymous_0)
DA:1,1
DA:5,1
DA:6,1
DA:16,1
LF:4
LH:4
BRF:0
BRH:0
end_of_record
TN:
SF:src\models\car.js
FN:4,(anonymous_0)
FNF:1
FNH:1
FNDA:2,(anonymous_0)
DA:1,1
DA:5,2
DA:6,2
DA:18,1
LF:4
LH:4
BRF:0
BRH:0
end_of_record
TN:
SF:src\models\index.js
FN:14,(anonymous_0)
FN:18,(anonymous_1)
FN:41,(anonymous_2)
FN:45,(anonymous_3)
FN:49,(anonymous_4)
FN:53,(anonymous_5)
FN:60,(anonymous_6)
FN:64,(anonymous_7)
FN:70,(anonymous_8)
FN:76,(anonymous_9)
FNF:10
FNH:3
FNDA:7,(anonymous_0)
FNDA:0,(anonymous_1)
FNDA:0,(anonymous_2)
FNDA:1,(anonymous_3)
FNDA:1,(anonymous_4)
FNDA:0,(anonymous_5)
FNDA:0,(anonymous_6)
FNDA:0,(anonymous_7)
FNDA:0,(anonymous_8)
FNDA:0,(anonymous_9)
DA:1,1
DA:2,1
DA:5,1
DA:15,7
DA:18,7
DA:19,0
DA:20,0
DA:31,0
DA:36,0
DA:41,7
DA:42,0
DA:45,7
DA:46,1
DA:49,7
DA:50,1
DA:53,7
DA:54,0
DA:60,7
DA:61,0
DA:64,7
DA:65,0
DA:70,7
DA:71,0
DA:76,7
DA:77,0
DA:81,1
LF:26
LH:16
BRDA:18,0,0,0
BRDA:19,1,0,0
BRDA:19,2,0,0
BRDA:19,3,0,0
BRDA:19,4,0,0
BRF:5
BRH:0
end_of_record
TN:
SF:src\models\order.js
FN:4,(anonymous_0)
FNF:1
FNH:1
FNDA:1,(anonymous_0)
DA:1,1
DA:5,1
DA:6,1
DA:26,1
LF:4
LH:4
BRF:0
BRH:0
end_of_record
TN:
SF:src\models\users.js
FN:4,(anonymous_0)
FNF:1
FNH:1
FNDA:3,(anonymous_0)
DA:1,1
DA:5,3
DA:6,3
DA:21,1
LF:4
LH:4
BRF:0
BRH:0
end_of_record
TN:
SF:src\routes\index.js
FNF:0
FNH:0
DA:24,1
DA:25,1
DA:26,1
DA:27,1
DA:28,1
DA:29,1
DA:31,1
DA:32,1
DA:33,1
DA:34,1
DA:35,1
DA:36,1
DA:38,1
LF:13
LH:13
BRF:0
BRH:0
end_of_record
